[22:04:00.966156] [WARNING] [vpicio.c:97] PDC_CLIENT[0]: Writing 8388608 particles per rank for 5 steps with 40 sec sleep time.
[22:04:01.184183] [ERROR] [pdc_mercury_auth.c:152] PDC_CLIENT[30]: Unable to discover Perlmutter CXI service/VNI
[22:04:01.234874] [ERROR] [pdc_mercury_auth.c:152] PDC_CLIENT[10]: Unable to discover Perlmutter CXI service/VNI
[22:04:01.251421] [ERROR] [pdc_mercury_auth.c:152] PDC_CLIENT[27]: Unable to discover Perlmutter CXI service/VNI
[22:04:01.334380] [ERROR] [pdc_mercury_auth.c:152] PDC_CLIENT[23]: Unable to discover Perlmutter CXI service/VNI
[22:04:01.345867] [ERROR] [pdc_mercury_auth.c:152] PDC_CLIENT[0]: Unable to discover Perlmutter CXI service/VNI
[22:04:01.354681] [ERROR] [pdc_mercury_auth.c:152] PDC_CLIENT[1]: Unable to discover Perlmutter CXI service/VNI
[22:04:01.356915] [ERROR] [pdc_mercury_auth.c:152] PDC_CLIENT[29]: Unable to discover Perlmutter CXI service/VNI
[22:04:01.367459] [ERROR] [pdc_mercury_auth.c:152] PDC_CLIENT[15]: Unable to discover Perlmutter CXI service/VNI
[22:04:01.382031] [ERROR] [pdc_mercury_auth.c:152] PDC_CLIENT[13]: Unable to discover Perlmutter CXI service/VNI
[22:04:01.406609] [ERROR] [pdc_mercury_auth.c:152] PDC_CLIENT[16]: Unable to discover Perlmutter CXI service/VNI
[22:04:01.412532] [ERROR] [pdc_mercury_auth.c:152] PDC_CLIENT[31]: Unable to discover Perlmutter CXI service/VNI
[22:04:01.424028] [ERROR] [pdc_mercury_auth.c:152] PDC_CLIENT[28]: Unable to discover Perlmutter CXI service/VNI
[22:04:01.428357] [ERROR] [pdc_mercury_auth.c:152] PDC_CLIENT[4]: Unable to discover Perlmutter CXI service/VNI
[22:04:01.440158] [ERROR] [pdc_mercury_auth.c:152] PDC_CLIENT[14]: Unable to discover Perlmutter CXI service/VNI
[22:04:01.485941] [ERROR] [pdc_mercury_auth.c:152] PDC_CLIENT[21]: Unable to discover Perlmutter CXI service/VNI
[22:04:01.494217] [ERROR] [pdc_mercury_auth.c:152] PDC_CLIENT[3]: Unable to discover Perlmutter CXI service/VNI
[22:04:01.507854] [ERROR] [pdc_mercury_auth.c:152] PDC_CLIENT[2]: Unable to discover Perlmutter CXI service/VNI
[22:04:01.508623] [ERROR] [pdc_mercury_auth.c:152] PDC_CLIENT[18]: Unable to discover Perlmutter CXI service/VNI
[22:04:01.509440] [ERROR] [pdc_mercury_auth.c:152] PDC_CLIENT[22]: Unable to discover Perlmutter CXI service/VNI
[22:04:01.513455] [ERROR] [pdc_mercury_auth.c:152] PDC_CLIENT[6]: Unable to discover Perlmutter CXI service/VNI
[22:04:01.549187] [ERROR] [pdc_mercury_auth.c:152] PDC_CLIENT[25]: Unable to discover Perlmutter CXI service/VNI
[22:04:01.575524] [ERROR] [pdc_mercury_auth.c:152] PDC_CLIENT[12]: Unable to discover Perlmutter CXI service/VNI
[22:04:01.589694] [ERROR] [pdc_mercury_auth.c:152] PDC_CLIENT[19]: Unable to discover Perlmutter CXI service/VNI
[22:04:01.600313] [ERROR] [pdc_mercury_auth.c:152] PDC_CLIENT[20]: Unable to discover Perlmutter CXI service/VNI
[22:04:01.614714] [ERROR] [pdc_mercury_auth.c:152] PDC_CLIENT[8]: Unable to discover Perlmutter CXI service/VNI
[22:04:01.616769] [ERROR] [pdc_mercury_auth.c:152] PDC_CLIENT[7]: Unable to discover Perlmutter CXI service/VNI
[22:04:01.625352] [ERROR] [pdc_mercury_auth.c:152] PDC_CLIENT[5]: Unable to discover Perlmutter CXI service/VNI
[22:04:01.625349] [ERROR] [pdc_mercury_auth.c:152] PDC_CLIENT[17]: Unable to discover Perlmutter CXI service/VNI
[22:04:01.628352] [ERROR] [pdc_mercury_auth.c:152] PDC_CLIENT[26]: Unable to discover Perlmutter CXI service/VNI
[22:04:01.630444] [ERROR] [pdc_mercury_auth.c:152] PDC_CLIENT[9]: Unable to discover Perlmutter CXI service/VNI
[22:04:01.642626] [ERROR] [pdc_mercury_auth.c:152] PDC_CLIENT[11]: Unable to discover Perlmutter CXI service/VNI
[22:04:01.644404] [ERROR] [pdc_mercury_auth.c:152] PDC_CLIENT[24]: Unable to discover Perlmutter CXI service/VNI
[22:04:01.345929] [WARNING] [pdc_client_connect.c:1423] PDC_CLIENT[0]: Unable to scope Slingshot CXI auth for Mercury, falling back to provider defaults[22:04:07.978079] [WARNING] [vpicio.c:177] PDC_CLIENT[0]: 
#Step  0
[22:04:07.980403] [WARNING] [vpicio.c:213] PDC_CLIENT[0]: Attaching zfp gpu to index: 0
[22:04:08.046160] [WARNING] [vpicio.c:213] PDC_CLIENT[0]: Attaching zfp gpu to index: 1
[22:04:08.153918] [WARNING] [vpicio.c:213] PDC_CLIENT[0]: Attaching zfp gpu to index: 2
[22:04:08.159178] [WARNING] [vpicio.c:213] PDC_CLIENT[0]: Attaching zfp gpu to index: 3
[22:04:08.161812] [WARNING] [vpicio.c:213] PDC_CLIENT[0]: Attaching zfp gpu to index: 4
[22:04:08.164276] [WARNING] [vpicio.c:213] PDC_CLIENT[0]: Attaching zfp gpu to index: 5
[22:04:08.166052] [WARNING] [vpicio.c:213] PDC_CLIENT[0]: Attaching zfp gpu to index: 6
[22:04:08.189933] [WARNING] [vpicio.c:243] PDC_CLIENT[0]: Obj create time: 2.11644e-01
[22:04:08.190144] [WARNING] [vpicio.c:259] PDC_CLIENT[0]: Transfer create time: 2.07231e-04
[22:04:11.097930] [WARNING] [vpicio.c:275] PDC_CLIENT[0]: Transfer start time: 2.90779e+00
[22:04:11.098001] [WARNING] [vpicio.c:280] PDC_CLIENT[0]: Sleep start: 40.00
[22:04:11.098011] [WARNING] [vpicio.c:284] PDC_CLIENT[0]: 
=== Iteration 1 ===
=== Rank 0 on Device 0 ===

Data movement:
H2D bytes: 0
D2H bytes: 1000

=== Timing (ms) ===
Kernel:   11.597
[22:04:27.599938] [WARNING] [vpicio.c:284] PDC_CLIENT[0]: 
=== Iteration 2 ===
=== Rank 0 on Device 0 ===

Data movement:
H2D bytes: 0
D2H bytes: 1000

=== Timing (ms) ===
Kernel:   107.427
[22:04:28.154099] [WARNING] [vpicio.c:284] PDC_CLIENT[0]: 
=== Iteration 3 ===
=== Rank 0 on Device 0 ===

Data movement:
H2D bytes: 0
D2H bytes: 1000

=== Timing (ms) ===
Kernel:   325.564
[22:04:28.690035] [WARNING] [vpicio.c:284] PDC_CLIENT[0]: 
=== Iteration 4 ===
=== Rank 0 on Device 0 ===

Data movement:
H2D bytes: 0
D2H bytes: 1000

=== Timing (ms) ===
Kernel:   215.441
[22:04:29.389983] [WARNING] [vpicio.c:284] PDC_CLIENT[0]: 
=== Iteration 5 ===
=== Rank 0 on Device 0 ===

Data movement:
H2D bytes: 0
D2H bytes: 1000

=== Timing (ms) ===
Kernel:   254.968
[22:04:30.198029] [WARNING] [vpicio.c:284] PDC_CLIENT[0]: 
=== Iteration 6 ===
=== Rank 0 on Device 0 ===

Data movement:
H2D bytes: 0
D2H bytes: 1000

=== Timing (ms) ===
Kernel:   245.030
[22:04:31.150204] [WARNING] [vpicio.c:284] PDC_CLIENT[0]: 
=== Iteration 7 ===
=== Rank 0 on Device 0 ===

Data movement:
H2D bytes: 0
D2H bytes: 1000

=== Timing (ms) ===
Kernel:   55.001
[22:04:31.770684] [WARNING] [vpicio.c:284] PDC_CLIENT[0]: 
=== Iteration 8 ===
=== Rank 0 on Device 0 ===

Data movement:
H2D bytes: 0
D2H bytes: 1000

=== Timing (ms) ===
Kernel:   167.679
[22:04:32.794039] [WARNING] [vpicio.c:284] PDC_CLIENT[0]: 
=== Iteration 9 ===
=== Rank 0 on Device 0 ===

Data movement:
H2D bytes: 0
D2H bytes: 1000

=== Timing (ms) ===
Kernel:   250.518
[22:04:33.824596] [WARNING] [vpicio.c:284] PDC_CLIENT[0]: 
=== Iteration 10 ===
=== Rank 0 on Device 0 ===

Data movement:
H2D bytes: 0
D2H bytes: 1000

=== Timing (ms) ===
Kernel:   189.516
[22:04:34.618322] [WARNING] [vpicio.c:284] PDC_CLIENT[0]: 
=== Iteration 11 ===
=== Rank 0 on Device 0 ===

Data movement:
H2D bytes: 0
D2H bytes: 1000

=== Timing (ms) ===
Kernel:   12.957
[22:04:35.383225] [WARNING] [vpicio.c:284] PDC_CLIENT[0]: 
=== Iteration 12 ===
=== Rank 0 on Device 0 ===

Data movement:
H2D bytes: 0
D2H bytes: 1000

=== Timing (ms) ===
Kernel:   285.733
[22:04:36.233845] [WARNING] [vpicio.c:284] PDC_CLIENT[0]: 
=== Iteration 13 ===
=== Rank 0 on Device 0 ===

Data movement:
H2D bytes: 0
D2H bytes: 1000

=== Timing (ms) ===
Kernel:   312.774
[22:04:37.193344] [WARNING] [vpicio.c:284] PDC_CLIENT[0]: 
=== Iteration 14 ===
=== Rank 0 on Device 0 ===

Data movement:
H2D bytes: 0
D2H bytes: 1000

=== Timing (ms) ===
Kernel:   305.121
[22:04:37.656004] [WARNING] [vpicio.c:284] PDC_CLIENT[0]: 
=== Iteration 15 ===
=== Rank 0 on Device 0 ===

Data movement:
H2D bytes: 0
D2H bytes: 1000

=== Timing (ms) ===
Kernel:   311.968
[22:04:38.274676] [WARNING] [vpicio.c:284] PDC_CLIENT[0]: 
=== Iteration 16 ===
=== Rank 0 on Device 0 ===

Data movement:
H2D bytes: 0
D2H bytes: 1000

=== Timing (ms) ===
Kernel:   287.330
[22:04:38.873980] [WARNING] [vpicio.c:284] PDC_CLIENT[0]: 
=== Iteration 17 ===
=== Rank 0 on Device 0 ===

Data movement:
H2D bytes: 0
D2H bytes: 1000

=== Timing (ms) ===
Kernel:   110.243
[22:04:39.731413] [WARNING] [vpicio.c:284] PDC_CLIENT[0]: 
=== Iteration 18 ===
=== Rank 0 on Device 0 ===

Data movement:
H2D bytes: 0
D2H bytes: 1000

=== Timing (ms) ===
Kernel:   264.355
[22:04:40.678587] [WARNING] [vpicio.c:284] PDC_CLIENT[0]: 
=== Iteration 19 ===
=== Rank 0 on Device 0 ===

Data movement:
H2D bytes: 0
D2H bytes: 1000

=== Timing (ms) ===
Kernel:   270.877
[22:04:41.548632] [WARNING] [vpicio.c:284] PDC_CLIENT[0]: 
=== Iteration 20 ===
=== Rank 0 on Device 0 ===

Data movement:
H2D bytes: 0
D2H bytes: 1000

=== Timing (ms) ===
Kernel:   292.795
[22:04:42.591908] [WARNING] [vpicio.c:284] PDC_CLIENT[0]: 
=== Iteration 21 ===
=== Rank 0 on Device 0 ===

Data movement:
H2D bytes: 0
D2H bytes: 1000

=== Timing (ms) ===
Kernel:   313.355
[22:04:43.754893] [WARNING] [vpicio.c:284] PDC_CLIENT[0]: 
=== Iteration 22 ===
=== Rank 0 on Device 0 ===

Data movement:
H2D bytes: 0
D2H bytes: 1000

=== Timing (ms) ===
Kernel:   357.482
[22:04:44.726612] [WARNING] [vpicio.c:284] PDC_CLIENT[0]: 
=== Iteration 23 ===
=== Rank 0 on Device 0 ===

Data movement:
H2D bytes: 0
D2H bytes: 1000

=== Timing (ms) ===
Kernel:   286.676
[22:04:45.709325] [WARNING] [vpicio.c:284] PDC_CLIENT[0]: 
=== Iteration 24 ===
=== Rank 0 on Device 0 ===

Data movement:
H2D bytes: 0
D2H bytes: 1000

=== Timing (ms) ===
Kernel:   317.213
[22:04:46.198172] [WARNING] [vpicio.c:284] PDC_CLIENT[0]: 
=== Iteration 25 ===
=== Rank 0 on Device 0 ===

Data movement:
H2D bytes: 0
D2H bytes: 1000

=== Timing (ms) ===
Kernel:   331.917
[22:04:46.906406] [WARNING] [vpicio.c:284] PDC_CLIENT[0]: 
=== Iteration 26 ===
=== Rank 0 on Device 0 ===

Data movement:
H2D bytes: 0
D2H bytes: 1000

=== Timing (ms) ===
Kernel:   238.578
[22:04:47.816249] [WARNING] [vpicio.c:284] PDC_CLIENT[0]: 
=== Iteration 27 ===
=== Rank 0 on Device 0 ===

Data movement:
H2D bytes: 0
D2H bytes: 1000

=== Timing (ms) ===
Kernel:   206.403
[22:04:48.654293] [WARNING] [vpicio.c:284] PDC_CLIENT[0]: 
=== Iteration 28 ===
=== Rank 0 on Device 0 ===

Data movement:
H2D bytes: 0
D2H bytes: 1000

=== Timing (ms) ===
Kernel:   188.921
[22:04:49.309973] [WARNING] [vpicio.c:284] PDC_CLIENT[0]: 
=== Iteration 29 ===
=== Rank 0 on Device 0 ===

Data movement:
H2D bytes: 0
D2H bytes: 1000

=== Timing (ms) ===
Kernel:   321.391
[22:04:50.666000] [WARNING] [vpicio.c:284] PDC_CLIENT[0]: 
=== Iteration 30 ===
=== Rank 0 on Device 0 ===

Data movement:
H2D bytes: 0
D2H bytes: 1000

=== Timing (ms) ===
Kernel:   342.678
[22:04:51.481913] [WARNING] [vpicio.c:284] PDC_CLIENT[0]: 
=== Iteration 31 ===
=== Rank 0 on Device 0 ===

Data movement:
H2D bytes: 0
D2H bytes: 1000

=== Timing (ms) ===
Kernel:   266.561
[22:04:52.245977] [WARNING] [vpicio.c:284] PDC_CLIENT[0]: 
=== Iteration 32 ===
=== Rank 0 on Device 0 ===

Data movement:
H2D bytes: 0
D2H bytes: 1000

=== Timing (ms) ===
Kernel:   98.771
[22:04:53.313670] [WARNING] [vpicio.c:284] PDC_CLIENT[0]: 
=== Iteration 33 ===
=== Rank 0 on Device 0 ===

Data movement:
H2D bytes: 0
D2H bytes: 1000

=== Timing (ms) ===
Kernel:   331.895
[22:04:54.067544] [WARNING] [vpicio.c:284] PDC_CLIENT[0]: 
=== Iteration 34 ===
=== Rank 0 on Device 0 ===

Data movement:
H2D bytes: 0
D2H bytes: 1000

=== Timing (ms) ===
Kernel:   139.258
[22:04:55.309946] [WARNING] [vpicio.c:284] PDC_CLIENT[0]: 
=== Iteration 35 ===
=== Rank 0 on Device 0 ===

Data movement:
H2D bytes: 0
D2H bytes: 1000

=== Timing (ms) ===
Kernel:   303.169
[22:04:56.350686] [WARNING] [vpicio.c:284] PDC_CLIENT[0]: 
=== Iteration 36 ===
=== Rank 0 on Device 0 ===

Data movement:
H2D bytes: 0
D2H bytes: 1000

=== Timing (ms) ===
Kernel:   353.229
[22:04:57.101916] [WARNING] [vpicio.c:284] PDC_CLIENT[0]: 
=== Iteration 37 ===
=== Rank 0 on Device 0 ===

Data movement:
H2D bytes: 0
D2H bytes: 1000

=== Timing (ms) ===
Kernel:   257.717
[22:04:58.030107] [WARNING] [vpicio.c:284] PDC_CLIENT[0]: 
=== Iteration 38 ===
=== Rank 0 on Device 0 ===

Data movement:
H2D bytes: 0
D2H bytes: 1000

=== Timing (ms) ===
Kernel:   316.492
[22:04:58.989969] [WARNING] [vpicio.c:284] PDC_CLIENT[0]: 
=== Iteration 39 ===
=== Rank 0 on Device 0 ===

Data movement:
H2D bytes: 0
D2H bytes: 1000

=== Timing (ms) ===
Kernel:   324.535
[22:05:00.031592] [WARNING] [vpicio.c:284] PDC_CLIENT[0]: 
=== Iteration 40 ===
=== Rank 0 on Device 0 ===

Data movement:
H2D bytes: 0
D2H bytes: 1000

=== Timing (ms) ===
Kernel:   340.636
[22:05:00.919163] [WARNING] [vpicio.c:291] PDC_CLIENT[0]: 
Total time for 40 iterations: 49.821149 s
[22:05:00.919176] [WARNING] [vpicio.c:294] PDC_CLIENT[0]: Sleep end: 40.00
[22:05:01.262276] [WARNING] [vpicio.c:311] PDC_CLIENT[0]: Transfer wait time: 9.23408e-02
[22:05:01.429469] [WARNING] [vpicio.c:325] PDC_CLIENT[0]: Transfer close time: 1.67181e-01
[22:05:01.429513] [WARNING] [vpicio.c:339] PDC_CLIENT[0]: Obj close time: 5.55070e-05
[22:05:01.429523] [WARNING] [vpicio.c:177] PDC_CLIENT[0]: 
#Step  1
[22:05:01.586718] [WARNING] [vpicio.c:213] PDC_CLIENT[0]: Attaching zfp gpu to index: 8
[22:05:01.825946] [WARNING] [vpicio.c:213] PDC_CLIENT[0]: Attaching zfp gpu to index: 9
[22:05:02.029949] [WARNING] [vpicio.c:213] PDC_CLIENT[0]: Attaching zfp gpu to index: 10
[22:05:02.030685] [WARNING] [vpicio.c:213] PDC_CLIENT[0]: Attaching zfp gpu to index: 11
[22:05:02.034963] [WARNING] [vpicio.c:213] PDC_CLIENT[0]: Attaching zfp gpu to index: 12
[22:05:02.036407] [WARNING] [vpicio.c:213] PDC_CLIENT[0]: Attaching zfp gpu to index: 13
[22:05:02.038421] [WARNING] [vpicio.c:213] PDC_CLIENT[0]: Attaching zfp gpu to index: 14
[22:05:02.041089] [WARNING] [vpicio.c:243] PDC_CLIENT[0]: Obj create time: 6.11561e-01
[22:05:02.041116] [WARNING] [vpicio.c:259] PDC_CLIENT[0]: Transfer create time: 2.32750e-05
[22:05:06.723996] [WARNING] [vpicio.c:275] PDC_CLIENT[0]: Transfer start time: 4.68288e+00
[22:05:06.724031] [WARNING] [vpicio.c:280] PDC_CLIENT[0]: Sleep start: 40.00
[22:05:06.724038] [WARNING] [vpicio.c:284] PDC_CLIENT[0]: 
=== Iteration 1 ===
=== Rank 0 on Device 0 ===

Data movement:
H2D bytes: 0
D2H bytes: 1000

=== Timing (ms) ===
Kernel:   54.883
[22:05:07.203071] [WARNING] [vpicio.c:284] PDC_CLIENT[0]: 
=== Iteration 2 ===
=== Rank 0 on Device 0 ===

Data movement:
H2D bytes: 0
D2H bytes: 1000

=== Timing (ms) ===
Kernel:   310.483
[22:05:08.393921] [WARNING] [vpicio.c:284] PDC_CLIENT[0]: 
=== Iteration 3 ===
=== Rank 0 on Device 0 ===

Data movement:
H2D bytes: 0
D2H bytes: 1000

=== Timing (ms) ===
Kernel:   191.334
[22:05:09.201051] [WARNING] [vpicio.c:284] PDC_CLIENT[0]: 
=== Iteration 4 ===
=== Rank 0 on Device 0 ===

Data movement:
H2D bytes: 0
D2H bytes: 1000

=== Timing (ms) ===
Kernel:   340.510
[22:05:10.761966] [WARNING] [vpicio.c:284] PDC_CLIENT[0]: 
=== Iteration 5 ===
=== Rank 0 on Device 0 ===

Data movement:
H2D bytes: 0
D2H bytes: 1000

=== Timing (ms) ===
Kernel:   259.396
[22:05:11.328775] [WARNING] [vpicio.c:284] PDC_CLIENT[0]: 
=== Iteration 6 ===
=== Rank 0 on Device 0 ===

Data movement:
H2D bytes: 0
D2H bytes: 1000

=== Timing (ms) ===
Kernel:   336.669
[22:05:12.434108] [WARNING] [vpicio.c:284] PDC_CLIENT[0]: 
=== Iteration 7 ===
=== Rank 0 on Device 0 ===

Data movement:
H2D bytes: 0
D2H bytes: 1000

=== Timing (ms) ===
Kernel:   316.680
[22:05:13.210734] [WARNING] [vpicio.c:284] PDC_CLIENT[0]: 
=== Iteration 8 ===
=== Rank 0 on Device 0 ===

Data movement:
H2D bytes: 0
D2H bytes: 1000

=== Timing (ms) ===
Kernel:   335.427
[22:05:13.919376] [WARNING] [vpicio.c:284] PDC_CLIENT[0]: 
=== Iteration 9 ===
=== Rank 0 on Device 0 ===

Data movement:
H2D bytes: 0
D2H bytes: 1000

=== Timing (ms) ===
Kernel:   288.345
[22:05:14.394361] [WARNING] [vpicio.c:284] PDC_CLIENT[0]: 
=== Iteration 10 ===
=== Rank 0 on Device 0 ===

Data movement:
H2D bytes: 0
D2H bytes: 1000

=== Timing (ms) ===
Kernel:   299.043
[22:05:15.038055] [WARNING] [vpicio.c:284] PDC_CLIENT[0]: 
=== Iteration 11 ===
=== Rank 0 on Device 0 ===

Data movement:
H2D bytes: 0
D2H bytes: 1000

=== Timing (ms) ===
Kernel:   321.563
[22:05:15.610177] [WARNING] [vpicio.c:284] PDC_CLIENT[0]: 
=== Iteration 12 ===
=== Rank 0 on Device 0 ===

Data movement:
H2D bytes: 0
D2H bytes: 1000

=== Timing (ms) ===
Kernel:   257.957
[22:05:16.442061] [WARNING] [vpicio.c:284] PDC_CLIENT[0]: 
=== Iteration 13 ===
=== Rank 0 on Device 0 ===

Data movement:
H2D bytes: 0
D2H bytes: 1000

=== Timing (ms) ===
Kernel:   293.607
[22:05:17.255439] [WARNING] [vpicio.c:284] PDC_CLIENT[0]: 
=== Iteration 14 ===
=== Rank 0 on Device 0 ===

Data movement:
H2D bytes: 0
D2H bytes: 1000

=== Timing (ms) ===
Kernel:   296.822
[22:05:18.086194] [WARNING] [vpicio.c:284] PDC_CLIENT[0]: 
=== Iteration 15 ===
=== Rank 0 on Device 0 ===

Data movement:
H2D bytes: 0
D2H bytes: 1000

=== Timing (ms) ===
Kernel:   330.927
[22:05:18.762001] [WARNING] [vpicio.c:284] PDC_CLIENT[0]: 
=== Iteration 16 ===
=== Rank 0 on Device 0 ===

Data movement:
H2D bytes: 0
D2H bytes: 1000

=== Timing (ms) ===
Kernel:   290.474
[22:05:19.598027] [WARNING] [vpicio.c:284] PDC_CLIENT[0]: 
=== Iteration 17 ===
=== Rank 0 on Device 0 ===

Data movement:
H2D bytes: 0
D2H bytes: 1000

=== Timing (ms) ===
Kernel:   279.352
[22:05:20.121922] [WARNING] [vpicio.c:284] PDC_CLIENT[0]: 
=== Iteration 18 ===
=== Rank 0 on Device 0 ===

Data movement:
H2D bytes: 0
D2H bytes: 1000

=== Timing (ms) ===
Kernel:   312.564
[22:05:21.002190] [WARNING] [vpicio.c:284] PDC_CLIENT[0]: 
=== Iteration 19 ===
=== Rank 0 on Device 0 ===

Data movement:
H2D bytes: 0
D2H bytes: 1000

=== Timing (ms) ===
Kernel:   324.838
[22:05:21.846153] [WARNING] [vpicio.c:284] PDC_CLIENT[0]: 
=== Iteration 20 ===
=== Rank 0 on Device 0 ===

Data movement:
H2D bytes: 0
D2H bytes: 1000

=== Timing (ms) ===
Kernel:   180.561
[22:05:22.926344] [WARNING] [vpicio.c:284] PDC_CLIENT[0]: 
=== Iteration 21 ===
=== Rank 0 on Device 0 ===

Data movement:
H2D bytes: 0
D2H bytes: 1000

=== Timing (ms) ===
Kernel:   235.781
[22:05:23.898741] [WARNING] [vpicio.c:284] PDC_CLIENT[0]: 
=== Iteration 22 ===
=== Rank 0 on Device 0 ===

Data movement:
H2D bytes: 0
D2H bytes: 1000

=== Timing (ms) ===
Kernel:   333.106
[22:05:24.633918] [WARNING] [vpicio.c:284] PDC_CLIENT[0]: 
=== Iteration 23 ===
=== Rank 0 on Device 0 ===

Data movement:
H2D bytes: 0
D2H bytes: 1000

=== Timing (ms) ===
Kernel:   279.868
[22:05:25.676094] [WARNING] [vpicio.c:284] PDC_CLIENT[0]: 
=== Iteration 24 ===
=== Rank 0 on Device 0 ===

Data movement:
H2D bytes: 0
D2H bytes: 1000

=== Timing (ms) ===
Kernel:   311.978
[22:05:26.745964] [WARNING] [vpicio.c:284] PDC_CLIENT[0]: 
=== Iteration 25 ===
=== Rank 0 on Device 0 ===

Data movement:
H2D bytes: 0
D2H bytes: 1000

=== Timing (ms) ===
Kernel:   293.288
[22:05:27.513887] [WARNING] [vpicio.c:284] PDC_CLIENT[0]: 
=== Iteration 26 ===
=== Rank 0 on Device 0 ===

Data movement:
H2D bytes: 0
D2H bytes: 1000

=== Timing (ms) ===
Kernel:   309.116
[22:05:28.523156] [WARNING] [vpicio.c:284] PDC_CLIENT[0]: 
=== Iteration 27 ===
=== Rank 0 on Device 0 ===

Data movement:
H2D bytes: 0
D2H bytes: 1000

=== Timing (ms) ===
Kernel:   336.384
[22:05:29.009485] [WARNING] [vpicio.c:284] PDC_CLIENT[0]: 
=== Iteration 28 ===
=== Rank 0 on Device 0 ===

Data movement:
H2D bytes: 0
D2H bytes: 1000

=== Timing (ms) ===
Kernel:   323.198
[22:05:30.202076] [WARNING] [vpicio.c:284] PDC_CLIENT[0]: 
=== Iteration 29 ===
=== Rank 0 on Device 0 ===

Data movement:
H2D bytes: 0
D2H bytes: 1000

=== Timing (ms) ===
Kernel:   266.676
[22:05:30.838220] [WARNING] [vpicio.c:284] PDC_CLIENT[0]: 
=== Iteration 30 ===
=== Rank 0 on Device 0 ===

Data movement:
H2D bytes: 0
D2H bytes: 1000

=== Timing (ms) ===
Kernel:   60.323
[22:05:31.578054] [WARNING] [vpicio.c:284] PDC_CLIENT[0]: 
=== Iteration 31 ===
=== Rank 0 on Device 0 ===

Data movement:
H2D bytes: 0
D2H bytes: 1000

=== Timing (ms) ===
Kernel:   309.885
[22:05:32.280725] [WARNING] [vpicio.c:284] PDC_CLIENT[0]: 
=== Iteration 32 ===
=== Rank 0 on Device 0 ===

Data movement:
H2D bytes: 0
D2H bytes: 1000

=== Timing (ms) ===
Kernel:   316.792
[22:05:33.040856] [WARNING] [vpicio.c:284] PDC_CLIENT[0]: 
=== Iteration 33 ===
=== Rank 0 on Device 0 ===

Data movement:
H2D bytes: 0
D2H bytes: 1000

=== Timing (ms) ===
Kernel:   282.168
[22:05:33.838147] [WARNING] [vpicio.c:284] PDC_CLIENT[0]: 
=== Iteration 34 ===
=== Rank 0 on Device 0 ===

Data movement:
H2D bytes: 0
D2H bytes: 1000

=== Timing (ms) ===
Kernel:   323.600
[22:05:34.346081] [WARNING] [vpicio.c:284] PDC_CLIENT[0]: 
=== Iteration 35 ===
=== Rank 0 on Device 0 ===

Data movement:
H2D bytes: 0
D2H bytes: 1000

=== Timing (ms) ===
Kernel:   347.760
[22:05:35.513148] [WARNING] [vpicio.c:284] PDC_CLIENT[0]: 
=== Iteration 36 ===
=== Rank 0 on Device 0 ===

Data movement:
H2D bytes: 0
D2H bytes: 1000

=== Timing (ms) ===
Kernel:   336.535
[22:05:36.282401] [WARNING] [vpicio.c:284] PDC_CLIENT[0]: 
=== Iteration 37 ===
=== Rank 0 on Device 0 ===

Data movement:
H2D bytes: 0
D2H bytes: 1000

=== Timing (ms) ===
Kernel:   323.827
[22:05:37.370123] [WARNING] [vpicio.c:284] PDC_CLIENT[0]: 
=== Iteration 38 ===
=== Rank 0 on Device 0 ===

Data movement:
H2D bytes: 0
D2H bytes: 1000

=== Timing (ms) ===
Kernel:   272.161
[22:05:38.350472] [WARNING] [vpicio.c:284] PDC_CLIENT[0]: 
=== Iteration 39 ===
=== Rank 0 on Device 0 ===

Data movement:
H2D bytes: 0
D2H bytes: 1000

=== Timing (ms) ===
Kernel:   332.518
[22:05:39.133464] [WARNING] [vpicio.c:284] PDC_CLIENT[0]: 
=== Iteration 40 ===
=== Rank 0 on Device 0 ===

Data movement:
H2D bytes: 0
D2H bytes: 1000

=== Timing (ms) ===
Kernel:   238.875
[22:05:40.115641] [WARNING] [vpicio.c:291] PDC_CLIENT[0]: 
Total time for 40 iterations: 33.391596 s
[22:05:40.115655] [WARNING] [vpicio.c:294] PDC_CLIENT[0]: Sleep end: 40.00
[22:05:41.229931] [WARNING] [vpicio.c:311] PDC_CLIENT[0]: Transfer wait time: 6.43024e-01
[22:05:41.597949] [WARNING] [vpicio.c:325] PDC_CLIENT[0]: Transfer close time: 3.68009e-01
[22:05:41.597988] [WARNING] [vpicio.c:339] PDC_CLIENT[0]: Obj close time: 4.66510e-05
[22:05:41.598000] [WARNING] [vpicio.c:177] PDC_CLIENT[0]: 
#Step  2
[22:05:41.602540] [WARNING] [vpicio.c:213] PDC_CLIENT[0]: Attaching zfp gpu to index: 16
[22:05:41.603620] [WARNING] [vpicio.c:213] PDC_CLIENT[0]: Attaching zfp gpu to index: 17
[22:05:41.604713] [WARNING] [vpicio.c:213] PDC_CLIENT[0]: Attaching zfp gpu to index: 18
[22:05:41.605772] [WARNING] [vpicio.c:213] PDC_CLIENT[0]: Attaching zfp gpu to index: 19
[22:05:41.606775] [WARNING] [vpicio.c:213] PDC_CLIENT[0]: Attaching zfp gpu to index: 20
[22:05:41.607752] [WARNING] [vpicio.c:213] PDC_CLIENT[0]: Attaching zfp gpu to index: 21
[22:05:41.661912] [WARNING] [vpicio.c:213] PDC_CLIENT[0]: Attaching zfp gpu to index: 22
[22:05:41.667681] [WARNING] [vpicio.c:243] PDC_CLIENT[0]: Obj create time: 6.96750e-02
[22:05:41.667836] [WARNING] [vpicio.c:259] PDC_CLIENT[0]: Transfer create time: 1.48087e-04
[22:05:47.230548] [WARNING] [vpicio.c:275] PDC_CLIENT[0]: Transfer start time: 5.56272e+00
[22:05:47.230580] [WARNING] [vpicio.c:280] PDC_CLIENT[0]: Sleep start: 40.00
[22:05:47.230587] [WARNING] [vpicio.c:284] PDC_CLIENT[0]: 
=== Iteration 1 ===
=== Rank 0 on Device 0 ===

Data movement:
H2D bytes: 0
D2H bytes: 1000

=== Timing (ms) ===
Kernel:   237.588
[22:05:48.122399] [WARNING] [vpicio.c:284] PDC_CLIENT[0]: 
=== Iteration 2 ===
=== Rank 0 on Device 0 ===

Data movement:
H2D bytes: 0
D2H bytes: 1000

=== Timing (ms) ===
Kernel:   281.572
[22:05:49.946094] [WARNING] [vpicio.c:284] PDC_CLIENT[0]: 
=== Iteration 3 ===
=== Rank 0 on Device 0 ===

Data movement:
H2D bytes: 0
D2H bytes: 1000

=== Timing (ms) ===
Kernel:   322.343
[22:05:51.242283] [WARNING] [vpicio.c:284] PDC_CLIENT[0]: 
=== Iteration 4 ===
=== Rank 0 on Device 0 ===

Data movement:
H2D bytes: 0
D2H bytes: 1000

=== Timing (ms) ===
Kernel:   335.243
[22:05:52.070024] [WARNING] [vpicio.c:284] PDC_CLIENT[0]: 
=== Iteration 5 ===
=== Rank 0 on Device 0 ===

Data movement:
H2D bytes: 0
D2H bytes: 1000

=== Timing (ms) ===
Kernel:   218.488
[22:05:52.777931] [WARNING] [vpicio.c:284] PDC_CLIENT[0]: 
=== Iteration 6 ===
=== Rank 0 on Device 0 ===

Data movement:
H2D bytes: 0
D2H bytes: 1000

=== Timing (ms) ===
Kernel:   157.137
[22:05:53.837528] [WARNING] [vpicio.c:284] PDC_CLIENT[0]: 
=== Iteration 7 ===
=== Rank 0 on Device 0 ===

Data movement:
H2D bytes: 0
D2H bytes: 1000

=== Timing (ms) ===
Kernel:   281.532
[22:05:54.637978] [WARNING] [vpicio.c:284] PDC_CLIENT[0]: 
=== Iteration 8 ===
=== Rank 0 on Device 0 ===

Data movement:
H2D bytes: 0
D2H bytes: 1000

=== Timing (ms) ===
Kernel:   329.878
[22:05:55.427438] [WARNING] [vpicio.c:284] PDC_CLIENT[0]: 
=== Iteration 9 ===
=== Rank 0 on Device 0 ===

Data movement:
H2D bytes: 0
D2H bytes: 1000

=== Timing (ms) ===
Kernel:   245.833
[22:05:56.638001] [WARNING] [vpicio.c:284] PDC_CLIENT[0]: 
=== Iteration 10 ===
=== Rank 0 on Device 0 ===

Data movement:
H2D bytes: 0
D2H bytes: 1000

=== Timing (ms) ===
Kernel:   305.517
[22:05:57.336197] [WARNING] [vpicio.c:284] PDC_CLIENT[0]: 
=== Iteration 11 ===
=== Rank 0 on Device 0 ===

Data movement:
H2D bytes: 0
D2H bytes: 1000

=== Timing (ms) ===
Kernel:   339.810
[22:05:58.237997] [WARNING] [vpicio.c:284] PDC_CLIENT[0]: 
=== Iteration 12 ===
=== Rank 0 on Device 0 ===

Data movement:
H2D bytes: 0
D2H bytes: 1000

=== Timing (ms) ===
Kernel:   346.695
[22:05:58.842319] [WARNING] [vpicio.c:284] PDC_CLIENT[0]: 
=== Iteration 13 ===
=== Rank 0 on Device 0 ===

Data movement:
H2D bytes: 0
D2H bytes: 1000

=== Timing (ms) ===
Kernel:   237.835
[22:05:59.490884] [WARNING] [vpicio.c:284] PDC_CLIENT[0]: 
=== Iteration 14 ===
=== Rank 0 on Device 0 ===

Data movement:
H2D bytes: 0
D2H bytes: 1000

=== Timing (ms) ===
Kernel:   324.068
[22:06:00.490108] [WARNING] [vpicio.c:284] PDC_CLIENT[0]: 
=== Iteration 15 ===
=== Rank 0 on Device 0 ===

Data movement:
H2D bytes: 0
D2H bytes: 1000

=== Timing (ms) ===
Kernel:   248.548
[22:06:01.023020] [WARNING] [vpicio.c:284] PDC_CLIENT[0]: 
=== Iteration 16 ===
=== Rank 0 on Device 0 ===

Data movement:
H2D bytes: 0
D2H bytes: 1000

=== Timing (ms) ===
Kernel:   329.176
[22:06:01.570145] [WARNING] [vpicio.c:284] PDC_CLIENT[0]: 
=== Iteration 17 ===
=== Rank 0 on Device 0 ===

Data movement:
H2D bytes: 0
D2H bytes: 1000

=== Timing (ms) ===
Kernel:   271.764
[22:06:02.467954] [WARNING] [vpicio.c:284] PDC_CLIENT[0]: 
=== Iteration 18 ===
=== Rank 0 on Device 0 ===

Data movement:
H2D bytes: 0
D2H bytes: 1000

=== Timing (ms) ===
Kernel:   345.952
[22:06:03.108333] [WARNING] [vpicio.c:284] PDC_CLIENT[0]: 
=== Iteration 19 ===
=== Rank 0 on Device 0 ===

Data movement:
H2D bytes: 0
D2H bytes: 1000

=== Timing (ms) ===
Kernel:   353.037
[22:06:03.902068] [WARNING] [vpicio.c:284] PDC_CLIENT[0]: 
=== Iteration 20 ===
=== Rank 0 on Device 0 ===

Data movement:
H2D bytes: 0
D2H bytes: 1000

=== Timing (ms) ===
Kernel:   317.818
[22:06:05.006163] [WARNING] [vpicio.c:284] PDC_CLIENT[0]: 
=== Iteration 21 ===
=== Rank 0 on Device 0 ===

Data movement:
H2D bytes: 0
D2H bytes: 1000

=== Timing (ms) ===
Kernel:   57.446
[22:06:05.703436] [WARNING] [vpicio.c:284] PDC_CLIENT[0]: 
=== Iteration 22 ===
=== Rank 0 on Device 0 ===

Data movement:
H2D bytes: 0
D2H bytes: 1000

=== Timing (ms) ===
Kernel:   304.291
[22:06:06.612583] [WARNING] [vpicio.c:284] PDC_CLIENT[0]: 
=== Iteration 23 ===
=== Rank 0 on Device 0 ===

Data movement:
H2D bytes: 0
D2H bytes: 1000

=== Timing (ms) ===
Kernel:   321.645
[22:06:07.626065] [WARNING] [vpicio.c:284] PDC_CLIENT[0]: 
=== Iteration 24 ===
=== Rank 0 on Device 0 ===

Data movement:
H2D bytes: 0
D2H bytes: 1000

=== Timing (ms) ===
Kernel:   273.076
[22:06:08.489925] [WARNING] [vpicio.c:284] PDC_CLIENT[0]: 
=== Iteration 25 ===
=== Rank 0 on Device 0 ===

Data movement:
H2D bytes: 0
D2H bytes: 1000

=== Timing (ms) ===
Kernel:   118.343
[22:06:09.213588] [WARNING] [vpicio.c:284] PDC_CLIENT[0]: 
=== Iteration 26 ===
=== Rank 0 on Device 0 ===

Data movement:
H2D bytes: 0
D2H bytes: 1000

=== Timing (ms) ===
Kernel:   298.224
[22:06:09.900523] [WARNING] [vpicio.c:284] PDC_CLIENT[0]: 
=== Iteration 27 ===
=== Rank 0 on Device 0 ===

Data movement:
H2D bytes: 0
D2H bytes: 1000

=== Timing (ms) ===
Kernel:   280.826
[22:06:10.713976] [WARNING] [vpicio.c:284] PDC_CLIENT[0]: 
=== Iteration 28 ===
=== Rank 0 on Device 0 ===

Data movement:
H2D bytes: 0
D2H bytes: 1000

=== Timing (ms) ===
Kernel:   282.686
[22:06:11.615611] [WARNING] [vpicio.c:284] PDC_CLIENT[0]: 
=== Iteration 29 ===
=== Rank 0 on Device 0 ===

Data movement:
H2D bytes: 0
D2H bytes: 1000

=== Timing (ms) ===
Kernel:   324.266
[22:06:12.697614] [WARNING] [vpicio.c:284] PDC_CLIENT[0]: 
=== Iteration 30 ===
=== Rank 0 on Device 0 ===

Data movement:
H2D bytes: 0
D2H bytes: 1000

=== Timing (ms) ===
Kernel:   310.363
[22:06:13.860343] [WARNING] [vpicio.c:284] PDC_CLIENT[0]: 
=== Iteration 31 ===
=== Rank 0 on Device 0 ===

Data movement:
H2D bytes: 0
D2H bytes: 1000

=== Timing (ms) ===
Kernel:   327.495
[22:06:15.181345] [WARNING] [vpicio.c:284] PDC_CLIENT[0]: 
=== Iteration 32 ===
=== Rank 0 on Device 0 ===

Data movement:
H2D bytes: 0
D2H bytes: 1000

=== Timing (ms) ===
Kernel:   242.465
[22:06:15.899673] [WARNING] [vpicio.c:284] PDC_CLIENT[0]: 
=== Iteration 33 ===
=== Rank 0 on Device 0 ===

Data movement:
H2D bytes: 0
D2H bytes: 1000

=== Timing (ms) ===
Kernel:   326.363
[22:06:16.654194] [WARNING] [vpicio.c:284] PDC_CLIENT[0]: 
=== Iteration 34 ===
=== Rank 0 on Device 0 ===

Data movement:
H2D bytes: 0
D2H bytes: 1000

=== Timing (ms) ===
Kernel:   285.578
[22:06:17.589964] [WARNING] [vpicio.c:284] PDC_CLIENT[0]: 
=== Iteration 35 ===
=== Rank 0 on Device 0 ===

Data movement:
H2D bytes: 0
D2H bytes: 1000

=== Timing (ms) ===
Kernel:   341.426
[22:06:18.686496] [WARNING] [vpicio.c:284] PDC_CLIENT[0]: 
=== Iteration 36 ===
=== Rank 0 on Device 0 ===

Data movement:
H2D bytes: 0
D2H bytes: 1000

=== Timing (ms) ===
Kernel:   314.289
[22:06:19.594884] [WARNING] [vpicio.c:284] PDC_CLIENT[0]: 
=== Iteration 37 ===
=== Rank 0 on Device 0 ===

Data movement:
H2D bytes: 0
D2H bytes: 1000

=== Timing (ms) ===
Kernel:   221.199
[22:06:20.505970] [WARNING] [vpicio.c:284] PDC_CLIENT[0]: 
=== Iteration 38 ===
=== Rank 0 on Device 0 ===

Data movement:
H2D bytes: 0
D2H bytes: 1000

=== Timing (ms) ===
Kernel:   327.177
[22:06:21.194289] [WARNING] [vpicio.c:284] PDC_CLIENT[0]: 
=== Iteration 39 ===
=== Rank 0 on Device 0 ===

Data movement:
H2D bytes: 0
D2H bytes: 1000

=== Timing (ms) ===
Kernel:   225.163
[22:06:22.198422] [WARNING] [vpicio.c:284] PDC_CLIENT[0]: 
=== Iteration 40 ===
=== Rank 0 on Device 0 ===

Data movement:
H2D bytes: 0
D2H bytes: 1000

=== Timing (ms) ===
Kernel:   180.258
[22:06:22.914106] [WARNING] [vpicio.c:291] PDC_CLIENT[0]: 
Total time for 40 iterations: 35.683512 s
[22:06:22.914353] [WARNING] [vpicio.c:294] PDC_CLIENT[0]: Sleep end: 40.00
[22:06:23.717993] [WARNING] [vpicio.c:311] PDC_CLIENT[0]: Transfer wait time: 5.07013e-01
[22:06:23.879001] [WARNING] [vpicio.c:325] PDC_CLIENT[0]: Transfer close time: 1.60998e-01
[22:06:23.937979] [WARNING] [vpicio.c:339] PDC_CLIENT[0]: Obj close time: 5.89804e-02
[22:06:23.938116] [WARNING] [vpicio.c:177] PDC_CLIENT[0]: 
#Step  3
[22:06:24.154035] [WARNING] [vpicio.c:213] PDC_CLIENT[0]: Attaching zfp gpu to index: 24
[22:06:24.154343] [WARNING] [vpicio.c:213] PDC_CLIENT[0]: Attaching zfp gpu to index: 25
[22:06:24.229916] [WARNING] [vpicio.c:213] PDC_CLIENT[0]: Attaching zfp gpu to index: 26
[22:06:24.234902] [WARNING] [vpicio.c:213] PDC_CLIENT[0]: Attaching zfp gpu to index: 27
[22:06:24.242338] [WARNING] [vpicio.c:213] PDC_CLIENT[0]: Attaching zfp gpu to index: 28
[22:06:24.439978] [WARNING] [vpicio.c:213] PDC_CLIENT[0]: Attaching zfp gpu to index: 29
[22:06:24.574114] [WARNING] [vpicio.c:213] PDC_CLIENT[0]: Attaching zfp gpu to index: 30
[22:06:24.590033] [WARNING] [vpicio.c:243] PDC_CLIENT[0]: Obj create time: 6.51907e-01
[22:06:24.590278] [WARNING] [vpicio.c:259] PDC_CLIENT[0]: Transfer create time: 2.37159e-04
[22:06:30.936042] [WARNING] [vpicio.c:275] PDC_CLIENT[0]: Transfer start time: 6.34577e+00
[22:06:30.936067] [WARNING] [vpicio.c:280] PDC_CLIENT[0]: Sleep start: 40.00
[22:06:30.936074] [WARNING] [vpicio.c:284] PDC_CLIENT[0]: 
=== Iteration 1 ===
=== Rank 0 on Device 0 ===

Data movement:
H2D bytes: 0
D2H bytes: 1000

=== Timing (ms) ===
Kernel:   341.226
[22:06:31.423400] [WARNING] [vpicio.c:284] PDC_CLIENT[0]: 
=== Iteration 2 ===
=== Rank 0 on Device 0 ===

Data movement:
H2D bytes: 0
D2H bytes: 1000

=== Timing (ms) ===
Kernel:   304.973
[22:06:32.189931] [WARNING] [vpicio.c:284] PDC_CLIENT[0]: 
=== Iteration 3 ===
=== Rank 0 on Device 0 ===

Data movement:
H2D bytes: 0
D2H bytes: 1000

=== Timing (ms) ===
Kernel:   340.432
[22:06:33.993480] [WARNING] [vpicio.c:284] PDC_CLIENT[0]: 
=== Iteration 4 ===
=== Rank 0 on Device 0 ===

Data movement:
H2D bytes: 0
D2H bytes: 1000

=== Timing (ms) ===
Kernel:   314.610
[22:06:35.066089] [WARNING] [vpicio.c:284] PDC_CLIENT[0]: 
=== Iteration 5 ===
=== Rank 0 on Device 0 ===

Data movement:
H2D bytes: 0
D2H bytes: 1000

=== Timing (ms) ===
Kernel:   294.515
[22:06:36.130028] [WARNING] [vpicio.c:284] PDC_CLIENT[0]: 
=== Iteration 6 ===
=== Rank 0 on Device 0 ===

Data movement:
H2D bytes: 0
D2H bytes: 1000

=== Timing (ms) ===
Kernel:   112.676
[22:06:36.719214] [WARNING] [vpicio.c:284] PDC_CLIENT[0]: 
=== Iteration 7 ===
=== Rank 0 on Device 0 ===

Data movement:
H2D bytes: 0
D2H bytes: 1000

=== Timing (ms) ===
Kernel:   90.813
[22:06:37.396930] [WARNING] [vpicio.c:284] PDC_CLIENT[0]: 
=== Iteration 8 ===
=== Rank 0 on Device 0 ===

Data movement:
H2D bytes: 0
D2H bytes: 1000

=== Timing (ms) ===
Kernel:   331.540
[22:06:38.682033] [WARNING] [vpicio.c:284] PDC_CLIENT[0]: 
=== Iteration 9 ===
=== Rank 0 on Device 0 ===

Data movement:
H2D bytes: 0
D2H bytes: 1000

=== Timing (ms) ===
Kernel:   320.271
[22:06:40.133936] [WARNING] [vpicio.c:284] PDC_CLIENT[0]: 
=== Iteration 10 ===
=== Rank 0 on Device 0 ===

Data movement:
H2D bytes: 0
D2H bytes: 1000

=== Timing (ms) ===
Kernel:   223.770
[22:06:40.578192] [WARNING] [vpicio.c:284] PDC_CLIENT[0]: 
=== Iteration 11 ===
=== Rank 0 on Device 0 ===

Data movement:
H2D bytes: 0
D2H bytes: 1000

=== Timing (ms) ===
Kernel:   314.582
[22:06:41.160615] [WARNING] [vpicio.c:284] PDC_CLIENT[0]: 
=== Iteration 12 ===
=== Rank 0 on Device 0 ===

Data movement:
H2D bytes: 0
D2H bytes: 1000

=== Timing (ms) ===
Kernel:   328.299
[22:06:41.922112] [WARNING] [vpicio.c:284] PDC_CLIENT[0]: 
=== Iteration 13 ===
=== Rank 0 on Device 0 ===

Data movement:
H2D bytes: 0
D2H bytes: 1000

=== Timing (ms) ===
Kernel:   327.892
[22:06:43.011613] [WARNING] [vpicio.c:284] PDC_CLIENT[0]: 
=== Iteration 14 ===
=== Rank 0 on Device 0 ===

Data movement:
H2D bytes: 0
D2H bytes: 1000

=== Timing (ms) ===
Kernel:   317.587
[22:06:43.741945] [WARNING] [vpicio.c:284] PDC_CLIENT[0]: 
=== Iteration 15 ===
=== Rank 0 on Device 0 ===

Data movement:
H2D bytes: 0
D2H bytes: 1000

=== Timing (ms) ===
Kernel:   358.273
[22:06:45.150110] [WARNING] [vpicio.c:284] PDC_CLIENT[0]: 
=== Iteration 16 ===
=== Rank 0 on Device 0 ===

Data movement:
H2D bytes: 0
D2H bytes: 1000

=== Timing (ms) ===
Kernel:   322.142
[22:06:45.970106] [WARNING] [vpicio.c:284] PDC_CLIENT[0]: 
=== Iteration 17 ===
=== Rank 0 on Device 0 ===

Data movement:
H2D bytes: 0
D2H bytes: 1000

=== Timing (ms) ===
Kernel:   209.181
[22:06:46.830762] [WARNING] [vpicio.c:284] PDC_CLIENT[0]: 
=== Iteration 18 ===
=== Rank 0 on Device 0 ===

Data movement:
H2D bytes: 0
D2H bytes: 1000

=== Timing (ms) ===
Kernel:   358.336
[22:06:48.062044] [WARNING] [vpicio.c:284] PDC_CLIENT[0]: 
=== Iteration 19 ===
=== Rank 0 on Device 0 ===

Data movement:
H2D bytes: 0
D2H bytes: 1000

=== Timing (ms) ===
Kernel:   11.531
[22:06:48.670158] [WARNING] [vpicio.c:284] PDC_CLIENT[0]: 
=== Iteration 20 ===
=== Rank 0 on Device 0 ===

Data movement:
H2D bytes: 0
D2H bytes: 1000

=== Timing (ms) ===
Kernel:   325.502
[22:06:49.662787] [WARNING] [vpicio.c:284] PDC_CLIENT[0]: 
=== Iteration 21 ===
=== Rank 0 on Device 0 ===

Data movement:
H2D bytes: 0
D2H bytes: 1000

=== Timing (ms) ===
Kernel:   11.534
[22:06:50.517934] [WARNING] [vpicio.c:284] PDC_CLIENT[0]: 
=== Iteration 22 ===
=== Rank 0 on Device 0 ===

Data movement:
H2D bytes: 0
D2H bytes: 1000

=== Timing (ms) ===
Kernel:   335.377
[22:06:51.417947] [WARNING] [vpicio.c:284] PDC_CLIENT[0]: 
=== Iteration 23 ===
=== Rank 0 on Device 0 ===

Data movement:
H2D bytes: 0
D2H bytes: 1000

=== Timing (ms) ===
Kernel:   307.035
[22:06:52.298220] [WARNING] [vpicio.c:284] PDC_CLIENT[0]: 
=== Iteration 24 ===
=== Rank 0 on Device 0 ===

Data movement:
H2D bytes: 0
D2H bytes: 1000

=== Timing (ms) ===
Kernel:   333.404
[22:06:52.815337] [WARNING] [vpicio.c:284] PDC_CLIENT[0]: 
=== Iteration 25 ===
=== Rank 0 on Device 0 ===

Data movement:
H2D bytes: 0
D2H bytes: 1000

=== Timing (ms) ===
Kernel:   347.942
[22:06:53.861181] [WARNING] [vpicio.c:284] PDC_CLIENT[0]: 
=== Iteration 26 ===
=== Rank 0 on Device 0 ===

Data movement:
H2D bytes: 0
D2H bytes: 1000

=== Timing (ms) ===
Kernel:   342.701
[22:06:54.835343] [WARNING] [vpicio.c:284] PDC_CLIENT[0]: 
=== Iteration 27 ===
=== Rank 0 on Device 0 ===

Data movement:
H2D bytes: 0
D2H bytes: 1000

=== Timing (ms) ===
Kernel:   214.553
[22:06:55.413975] [WARNING] [vpicio.c:284] PDC_CLIENT[0]: 
=== Iteration 28 ===
=== Rank 0 on Device 0 ===

Data movement:
H2D bytes: 0
D2H bytes: 1000

=== Timing (ms) ===
Kernel:   318.110
[22:06:56.038905] [WARNING] [vpicio.c:284] PDC_CLIENT[0]: 
=== Iteration 29 ===
=== Rank 0 on Device 0 ===

Data movement:
H2D bytes: 0
D2H bytes: 1000

=== Timing (ms) ===
Kernel:   251.785
[22:06:56.674776] [WARNING] [vpicio.c:284] PDC_CLIENT[0]: 
=== Iteration 30 ===
=== Rank 0 on Device 0 ===

Data movement:
H2D bytes: 0
D2H bytes: 1000

=== Timing (ms) ===
Kernel:   325.294
[22:06:57.478014] [WARNING] [vpicio.c:284] PDC_CLIENT[0]: 
=== Iteration 31 ===
=== Rank 0 on Device 0 ===

Data movement:
H2D bytes: 0
D2H bytes: 1000

=== Timing (ms) ===
Kernel:   330.497
[22:06:58.197010] [WARNING] [vpicio.c:284] PDC_CLIENT[0]: 
=== Iteration 32 ===
=== Rank 0 on Device 0 ===

Data movement:
H2D bytes: 0
D2H bytes: 1000

=== Timing (ms) ===
Kernel:   334.345
[22:06:59.117977] [WARNING] [vpicio.c:284] PDC_CLIENT[0]: 
=== Iteration 33 ===
=== Rank 0 on Device 0 ===

Data movement:
H2D bytes: 0
D2H bytes: 1000

=== Timing (ms) ===
Kernel:   344.097
[22:06:59.765111] [WARNING] [vpicio.c:284] PDC_CLIENT[0]: 
=== Iteration 34 ===
=== Rank 0 on Device 0 ===

Data movement:
H2D bytes: 0
D2H bytes: 1000

=== Timing (ms) ===
Kernel:   262.239
[22:07:00.451198] [WARNING] [vpicio.c:284] PDC_CLIENT[0]: 
=== Iteration 35 ===
=== Rank 0 on Device 0 ===

Data movement:
H2D bytes: 0
D2H bytes: 1000

=== Timing (ms) ===
Kernel:   227.517
[22:07:01.309931] [WARNING] [vpicio.c:284] PDC_CLIENT[0]: 
=== Iteration 36 ===
=== Rank 0 on Device 0 ===

Data movement:
H2D bytes: 0
D2H bytes: 1000

=== Timing (ms) ===
Kernel:   321.017
[22:07:02.204014] [WARNING] [vpicio.c:284] PDC_CLIENT[0]: 
=== Iteration 37 ===
=== Rank 0 on Device 0 ===

Data movement:
H2D bytes: 0
D2H bytes: 1000

=== Timing (ms) ===
Kernel:   263.521
[22:07:02.865455] [WARNING] [vpicio.c:284] PDC_CLIENT[0]: 
=== Iteration 38 ===
=== Rank 0 on Device 0 ===

Data movement:
H2D bytes: 0
D2H bytes: 1000

=== Timing (ms) ===
Kernel:   301.199
[22:07:03.610159] [WARNING] [vpicio.c:284] PDC_CLIENT[0]: 
=== Iteration 39 ===
=== Rank 0 on Device 0 ===

Data movement:
H2D bytes: 0
D2H bytes: 1000

=== Timing (ms) ===
Kernel:   339.235
[22:07:04.254004] [WARNING] [vpicio.c:284] PDC_CLIENT[0]: 
=== Iteration 40 ===
=== Rank 0 on Device 0 ===

Data movement:
H2D bytes: 0
D2H bytes: 1000

=== Timing (ms) ===
Kernel:   342.607
[22:07:04.917982] [WARNING] [vpicio.c:291] PDC_CLIENT[0]: 
Total time for 40 iterations: 33.981902 s
[22:07:04.917996] [WARNING] [vpicio.c:294] PDC_CLIENT[0]: Sleep end: 40.00
[22:07:05.410076] [WARNING] [vpicio.c:311] PDC_CLIENT[0]: Transfer wait time: 3.29477e-01
[22:07:05.597349] [WARNING] [vpicio.c:325] PDC_CLIENT[0]: Transfer close time: 1.87262e-01
[22:07:05.597419] [WARNING] [vpicio.c:339] PDC_CLIENT[0]: Obj close time: 7.96040e-05
[22:07:05.597433] [WARNING] [vpicio.c:177] PDC_CLIENT[0]: 
#Step  4
[22:07:05.598052] [WARNING] [vpicio.c:213] PDC_CLIENT[0]: Attaching zfp gpu to index: 32
[22:07:05.611121] [WARNING] [vpicio.c:213] PDC_CLIENT[0]: Attaching zfp gpu to index: 33
[22:07:05.618017] [WARNING] [vpicio.c:213] PDC_CLIENT[0]: Attaching zfp gpu to index: 34
[22:07:05.768216] [WARNING] [vpicio.c:213] PDC_CLIENT[0]: Attaching zfp gpu to index: 35
[22:07:05.823284] [WARNING] [vpicio.c:213] PDC_CLIENT[0]: Attaching zfp gpu to index: 36
[22:07:06.069967] [WARNING] [vpicio.c:213] PDC_CLIENT[0]: Attaching zfp gpu to index: 37
[22:07:06.081996] [WARNING] [vpicio.c:213] PDC_CLIENT[0]: Attaching zfp gpu to index: 38
[22:07:06.258086] [WARNING] [vpicio.c:243] PDC_CLIENT[0]: Obj create time: 6.60648e-01
[22:07:06.258336] [WARNING] [vpicio.c:259] PDC_CLIENT[0]: Transfer create time: 2.44203e-04
[22:07:13.636412] [WARNING] [vpicio.c:275] PDC_CLIENT[0]: Transfer start time: 7.37808e+00
[22:07:22.457988] [WARNING] [vpicio.c:311] PDC_CLIENT[0]: Transfer wait time: 8.76389e+00
[22:07:22.646998] [WARNING] [vpicio.c:325] PDC_CLIENT[0]: Transfer close time: 1.89000e-01
[22:07:22.889962] [WARNING] [vpicio.c:339] PDC_CLIENT[0]: Obj close time: 2.42965e-01
