[12:43:07.237456] [WARNING] [vpicio.c:96] PDC_CLIENT[0]: Writing 8388608 particles per rank for 5 steps with 40 sec sleep time.
[12:43:07.808386] [WARNING] [vpicio.c:158] PDC_CLIENT[1]: First EBB PI TEST RUN
[12:43:07.816328] [WARNING] [vpicio.c:158] PDC_CLIENT[0]: First EBB PI TEST RUN
[12:43:07.824264] [WARNING] [vpicio.c:158] PDC_CLIENT[3]: First EBB PI TEST RUN
[12:43:07.829114] [WARNING] [vpicio.c:158] PDC_CLIENT[2]: First EBB PI TEST RUN
SMs: 108
Clock: 1410000000 Hz
Target cycles: 56400000000  (~40 s)
Saturation blocks: 864  (8 per SM)
BBP blocks: 391

--- Launching kernels ---
Saturator launch error: no error
BBP kernel finished. Saturation still running...

=== Results ===
Pi hex digits (first 80): 

=== Timing ===
Saturator:   40039.781 ms  (40.040 s)
BBP kernel:  11299.293 ms
Target was:  40.000 s
[12:43:59.452755] [WARNING] [vpicio.c:179] PDC_CLIENT[0]: 
#Step  0
[12:43:59.457116] [WARNING] [vpicio.c:209] PDC_CLIENT[0]: Attaching zfp gpu to index: 0
[12:43:59.460625] [WARNING] [vpicio.c:209] PDC_CLIENT[0]: Attaching zfp gpu to index: 1
[12:43:59.463328] [WARNING] [vpicio.c:209] PDC_CLIENT[0]: Attaching zfp gpu to index: 2
[12:43:59.463569] [WARNING] [vpicio.c:209] PDC_CLIENT[0]: Attaching zfp gpu to index: 3
[12:43:59.463781] [WARNING] [vpicio.c:209] PDC_CLIENT[0]: Attaching zfp gpu to index: 4
[12:43:59.464159] [WARNING] [vpicio.c:209] PDC_CLIENT[0]: Attaching zfp gpu to index: 5
[12:43:59.464360] [WARNING] [vpicio.c:209] PDC_CLIENT[0]: Attaching zfp gpu to index: 6
[12:43:59.464593] [WARNING] [vpicio.c:245] PDC_CLIENT[0]: Obj create time: 1.18179e-02
[12:43:59.464628] [WARNING] [vpicio.c:261] PDC_CLIENT[0]: Transfer create time: 3.52280e-05
[12:43:59.607291] [WARNING] [vpicio.c:277] PDC_CLIENT[0]: Transfer start time: 1.42661e-01
[12:43:59.607316] [WARNING] [vpicio.c:282] PDC_CLIENT[0]: Sleep start: 40.00
[12:43:59.607323] [WARNING] [vpicio.c:286] PDC_CLIENT[0]: 
=== Iteration 1 ===
SMs: 108
Clock: 1410000000 Hz
Target cycles: 56400000000  (~40 s)
Saturation blocks: 864  (8 per SM)
BBP blocks: 391

--- Launching kernels ---
Saturator launch error: no error
BBP kernel finished. Saturation still running...

=== Results ===
Pi hex digits (first 80): 

=== Timing ===
Saturator:   40039.387 ms  (40.039 s)
BBP kernel:  11305.830 ms
Target was:  40.000 s
[12:44:51.023921] [WARNING] [vpicio.c:293] PDC_CLIENT[0]: 
Total time for 1 iterations: 51.416599 s
[12:44:51.023940] [WARNING] [vpicio.c:296] PDC_CLIENT[0]: Sleep end: 40.00
[12:44:51.076886] [WARNING] [vpicio.c:313] PDC_CLIENT[0]: Transfer wait time: 3.98742e-02
[12:44:51.218100] [WARNING] [vpicio.c:327] PDC_CLIENT[0]: Transfer close time: 1.41214e-01
[12:44:51.218141] [WARNING] [vpicio.c:341] PDC_CLIENT[0]: Obj close time: 4.22220e-05
[12:44:51.218160] [WARNING] [vpicio.c:179] PDC_CLIENT[0]: 
#Step  1
[12:44:51.218303] [WARNING] [vpicio.c:209] PDC_CLIENT[0]: Attaching zfp gpu to index: 8
[12:44:51.218588] [WARNING] [vpicio.c:209] PDC_CLIENT[0]: Attaching zfp gpu to index: 9
[12:44:51.218807] [WARNING] [vpicio.c:209] PDC_CLIENT[0]: Attaching zfp gpu to index: 10
[12:44:51.218996] [WARNING] [vpicio.c:209] PDC_CLIENT[0]: Attaching zfp gpu to index: 11
[12:44:51.219180] [WARNING] [vpicio.c:209] PDC_CLIENT[0]: Attaching zfp gpu to index: 12
[12:44:51.219386] [WARNING] [vpicio.c:209] PDC_CLIENT[0]: Attaching zfp gpu to index: 13
[12:44:51.219569] [WARNING] [vpicio.c:209] PDC_CLIENT[0]: Attaching zfp gpu to index: 14
[12:44:51.219780] [WARNING] [vpicio.c:245] PDC_CLIENT[0]: Obj create time: 1.61659e-03
[12:44:51.219799] [WARNING] [vpicio.c:261] PDC_CLIENT[0]: Transfer create time: 1.91680e-05
[12:44:51.350546] [WARNING] [vpicio.c:277] PDC_CLIENT[0]: Transfer start time: 1.30740e-01
[12:44:51.350566] [WARNING] [vpicio.c:282] PDC_CLIENT[0]: Sleep start: 40.00
[12:44:51.350572] [WARNING] [vpicio.c:286] PDC_CLIENT[0]: 
=== Iteration 1 ===
SMs: 108
Clock: 1410000000 Hz
Target cycles: 56400000000  (~40 s)
Saturation blocks: 864  (8 per SM)
BBP blocks: 391

--- Launching kernels ---
Saturator launch error: no error
BBP kernel finished. Saturation still running...

=== Results ===
Pi hex digits (first 80): 

=== Timing ===
Saturator:   40045.340 ms  (40.045 s)
BBP kernel:  11312.053 ms
Target was:  40.000 s
[12:45:42.711584] [WARNING] [vpicio.c:293] PDC_CLIENT[0]: 
Total time for 1 iterations: 51.361013 s
[12:45:42.711600] [WARNING] [vpicio.c:296] PDC_CLIENT[0]: Sleep end: 40.00
[12:45:42.771959] [WARNING] [vpicio.c:313] PDC_CLIENT[0]: Transfer wait time: 3.32797e-02
[12:45:42.856321] [WARNING] [vpicio.c:327] PDC_CLIENT[0]: Transfer close time: 8.43623e-02
[12:45:42.856347] [WARNING] [vpicio.c:341] PDC_CLIENT[0]: Obj close time: 2.61310e-05
[12:45:42.856362] [WARNING] [vpicio.c:179] PDC_CLIENT[0]: 
#Step  2
[12:45:42.856495] [WARNING] [vpicio.c:209] PDC_CLIENT[0]: Attaching zfp gpu to index: 16
[12:45:42.856775] [WARNING] [vpicio.c:209] PDC_CLIENT[0]: Attaching zfp gpu to index: 17
[12:45:42.857736] [WARNING] [vpicio.c:209] PDC_CLIENT[0]: Attaching zfp gpu to index: 18
[12:45:42.857898] [WARNING] [vpicio.c:209] PDC_CLIENT[0]: Attaching zfp gpu to index: 19
[12:45:42.860422] [WARNING] [vpicio.c:209] PDC_CLIENT[0]: Attaching zfp gpu to index: 20
[12:45:42.860605] [WARNING] [vpicio.c:209] PDC_CLIENT[0]: Attaching zfp gpu to index: 21
[12:45:42.860780] [WARNING] [vpicio.c:209] PDC_CLIENT[0]: Attaching zfp gpu to index: 22
[12:45:42.861005] [WARNING] [vpicio.c:245] PDC_CLIENT[0]: Obj create time: 4.63872e-03
[12:45:42.861023] [WARNING] [vpicio.c:261] PDC_CLIENT[0]: Transfer create time: 1.86760e-05
[12:45:43.000048] [WARNING] [vpicio.c:277] PDC_CLIENT[0]: Transfer start time: 1.39023e-01
[12:45:43.000068] [WARNING] [vpicio.c:282] PDC_CLIENT[0]: Sleep start: 40.00
[12:45:43.000074] [WARNING] [vpicio.c:286] PDC_CLIENT[0]: 
=== Iteration 1 ===
SMs: 108
Clock: 1410000000 Hz
Target cycles: 56400000000  (~40 s)
Saturation blocks: 864  (8 per SM)
BBP blocks: 391

--- Launching kernels ---
Saturator launch error: no error
BBP kernel finished. Saturation still running...

=== Results ===
Pi hex digits (first 80): 

=== Timing ===
Saturator:   40033.508 ms  (40.034 s)
BBP kernel:  11302.642 ms
Target was:  40.000 s
[12:46:34.385196] [WARNING] [vpicio.c:293] PDC_CLIENT[0]: 
Total time for 1 iterations: 51.385122 s
[12:46:34.385214] [WARNING] [vpicio.c:296] PDC_CLIENT[0]: Sleep end: 40.00
[12:46:34.462671] [WARNING] [vpicio.c:313] PDC_CLIENT[0]: Transfer wait time: 6.79952e-02
[12:46:34.526093] [WARNING] [vpicio.c:327] PDC_CLIENT[0]: Transfer close time: 6.34223e-02
[12:46:34.526120] [WARNING] [vpicio.c:341] PDC_CLIENT[0]: Obj close time: 2.70120e-05
[12:46:34.526128] [WARNING] [vpicio.c:179] PDC_CLIENT[0]: 
#Step  3
[12:46:34.526258] [WARNING] [vpicio.c:209] PDC_CLIENT[0]: Attaching zfp gpu to index: 24
[12:46:34.526793] [WARNING] [vpicio.c:209] PDC_CLIENT[0]: Attaching zfp gpu to index: 25
[12:46:34.526995] [WARNING] [vpicio.c:209] PDC_CLIENT[0]: Attaching zfp gpu to index: 26
[12:46:34.528940] [WARNING] [vpicio.c:209] PDC_CLIENT[0]: Attaching zfp gpu to index: 27
[12:46:34.529124] [WARNING] [vpicio.c:209] PDC_CLIENT[0]: Attaching zfp gpu to index: 28
[12:46:34.529324] [WARNING] [vpicio.c:209] PDC_CLIENT[0]: Attaching zfp gpu to index: 29
[12:46:34.530781] [WARNING] [vpicio.c:209] PDC_CLIENT[0]: Attaching zfp gpu to index: 30
[12:46:34.533444] [WARNING] [vpicio.c:245] PDC_CLIENT[0]: Obj create time: 7.31161e-03
[12:46:34.533462] [WARNING] [vpicio.c:261] PDC_CLIENT[0]: Transfer create time: 1.93170e-05
[12:46:34.653641] [WARNING] [vpicio.c:277] PDC_CLIENT[0]: Transfer start time: 1.20176e-01
[12:46:34.653661] [WARNING] [vpicio.c:282] PDC_CLIENT[0]: Sleep start: 40.00
[12:46:34.653667] [WARNING] [vpicio.c:286] PDC_CLIENT[0]: 
=== Iteration 1 ===
SMs: 108
Clock: 1410000000 Hz
Target cycles: 56400000000  (~40 s)
Saturation blocks: 864  (8 per SM)
BBP blocks: 391

--- Launching kernels ---
Saturator launch error: no error
BBP kernel finished. Saturation still running...

=== Results ===
Pi hex digits (first 80): 

=== Timing ===
Saturator:   40044.555 ms  (40.045 s)
BBP kernel:  11298.849 ms
Target was:  40.000 s
[12:47:25.998411] [WARNING] [vpicio.c:293] PDC_CLIENT[0]: 
Total time for 1 iterations: 51.344743 s
[12:47:25.998427] [WARNING] [vpicio.c:296] PDC_CLIENT[0]: Sleep end: 40.00
[12:47:26.055250] [WARNING] [vpicio.c:313] PDC_CLIENT[0]: Transfer wait time: 3.20174e-02
[12:47:26.140321] [WARNING] [vpicio.c:327] PDC_CLIENT[0]: Transfer close time: 8.50713e-02
[12:47:26.140348] [WARNING] [vpicio.c:341] PDC_CLIENT[0]: Obj close time: 2.69520e-05
[12:47:26.140356] [WARNING] [vpicio.c:179] PDC_CLIENT[0]: 
#Step  4
[12:47:26.140835] [WARNING] [vpicio.c:209] PDC_CLIENT[0]: Attaching zfp gpu to index: 32
[12:47:26.141109] [WARNING] [vpicio.c:209] PDC_CLIENT[0]: Attaching zfp gpu to index: 33
[12:47:26.141308] [WARNING] [vpicio.c:209] PDC_CLIENT[0]: Attaching zfp gpu to index: 34
[12:47:26.141484] [WARNING] [vpicio.c:209] PDC_CLIENT[0]: Attaching zfp gpu to index: 35
[12:47:26.141664] [WARNING] [vpicio.c:209] PDC_CLIENT[0]: Attaching zfp gpu to index: 36
[12:47:26.141867] [WARNING] [vpicio.c:209] PDC_CLIENT[0]: Attaching zfp gpu to index: 37
[12:47:26.142039] [WARNING] [vpicio.c:209] PDC_CLIENT[0]: Attaching zfp gpu to index: 38
[12:47:26.142248] [WARNING] [vpicio.c:245] PDC_CLIENT[0]: Obj create time: 1.88848e-03
[12:47:26.142266] [WARNING] [vpicio.c:261] PDC_CLIENT[0]: Transfer create time: 1.86960e-05
[12:47:26.263110] [WARNING] [vpicio.c:277] PDC_CLIENT[0]: Transfer start time: 1.20842e-01
[12:47:26.355974] [WARNING] [vpicio.c:313] PDC_CLIENT[0]: Transfer wait time: 9.28379e-02
[12:47:26.448508] [WARNING] [vpicio.c:327] PDC_CLIENT[0]: Transfer close time: 9.25337e-02
[12:47:26.448541] [WARNING] [vpicio.c:341] PDC_CLIENT[0]: Obj close time: 3.47870e-05
Saturator launch error: no error
Saturator launch error: no error
Saturator launch error: no error
Saturator launch error: no error
Saturator launch error: no error
Saturator launch error: no error
Saturator launch error: no error
Saturator launch error: no error
Saturator launch error: no error
Saturator launch error: no error
Saturator launch error: no error
Saturator launch error: no error
Saturator launch error: no error
Saturator launch error: no error
Saturator launch error: no error
