[INFO] PDC_SERVER[0]: Using [./pdc_tmp/] as tmp dir, 1 OSTs, 1 OSTs per data file, 0% to BB
[INFO] PDC_SERVER[1]: Environment variable HG_TRANSPORT was NOT set
[INFO] PDC_SERVER[1]: Environment variable HG_HOST was NOT set
[INFO] PDC_SERVER[0]: Environment variable HG_TRANSPORT was NOT set
[INFO] PDC_SERVER[0]: Environment variable HG_HOST was NOT set
[INFO] PDC_SERVER[0]: Connection string: ofi+tcp://nid004735:7000
[INFO] PDC_SERVER[2]: Environment variable HG_TRANSPORT was NOT set
[INFO] PDC_SERVER[2]: Environment variable HG_HOST was NOT set
[INFO] PDC_SERVER[3]: Environment variable HG_TRANSPORT was NOT set
[INFO] PDC_SERVER[3]: Environment variable HG_HOST was NOT set
[INFO] PDC_SERVER[0]: Without multi-thread
[INFO] PDC_SERVER[0]: Read cache enabled
[INFO] PDC_SERVER[0]: Max cache size: 34359738368
[INFO] PDC_SERVER[0]: Successfully established connection to 3 other PDC servers
[INFO] PDC_SERVER[0]: Server ready!


[INFO] PDC_SERVER[3]: Server flushed 2016.0 / 16128.0 MB to storage
[INFO] PDC_SERVER[2]: Server flushed 2016.0 / 16128.0 MB to storage
[INFO] PDC_SERVER[3]: Flushed 2 regions to storage, took 8.0191s
[INFO] PDC_SERVER[2]: Flushed 2 regions to storage, took 8.0803s
[INFO] PDC_SERVER[0]: Running write storage strategy STORE_REGION_BY_REGION_SINGLE_FILE
[INFO] PDC_SERVER[0]: Server flushed 2016.0 / 16128.0 MB to storage
[INFO] PDC_SERVER[1]: Server flushed 2016.0 / 16128.0 MB to storage
[INFO] PDC_SERVER[0]: Flushed 2 regions to storage, took 8.1248s
[INFO] PDC_SERVER[1]: Flushed 2 regions to storage, took 8.1026s
[INFO] PDC_SERVER[2]: Server flushed 2016.0 / 14112.0 MB to storage
[INFO] PDC_SERVER[3]: Server flushed 2016.0 / 14112.0 MB to storage
[INFO] PDC_SERVER[2]: Flushed 2 regions to storage, took 7.6731s
[INFO] PDC_SERVER[3]: Flushed 2 regions to storage, took 7.8095s
[INFO] PDC_SERVER[0]: Running write storage strategy STORE_REGION_BY_REGION_SINGLE_FILE
[INFO] PDC_SERVER[0]: Server flushed 2016.0 / 14112.0 MB to storage
[INFO] PDC_SERVER[1]: Server flushed 2016.0 / 14112.0 MB to storage
[INFO] PDC_SERVER[0]: Flushed 2 regions to storage, took 7.8531s
[INFO] PDC_SERVER[1]: Flushed 2 regions to storage, took 7.8564s
[INFO] PDC_SERVER[2]: Server flushed 2016.0 / 12096.0 MB to storage
[INFO] PDC_SERVER[3]: Server flushed 2016.0 / 12096.0 MB to storage
[INFO] PDC_SERVER[2]: Flushed 2 regions to storage, took 7.4924s
[INFO] PDC_SERVER[3]: Flushed 2 regions to storage, took 7.5559s
[INFO] PDC_SERVER[0]: Running write storage strategy STORE_REGION_BY_REGION_SINGLE_FILE
[INFO] PDC_SERVER[0]: Server flushed 2016.0 / 12096.0 MB to storage
[INFO] PDC_SERVER[0]: Flushed 2 regions to storage, took 7.4763s
[INFO] PDC_SERVER[1]: Server flushed 2016.0 / 12096.0 MB to storage
[INFO] PDC_SERVER[1]: Flushed 2 regions to storage, took 7.4903s
[INFO] PDC_SERVER[2]: Server flushed 2016.0 / 10080.0 MB to storage
[INFO] PDC_SERVER[3]: Server flushed 2016.0 / 10080.0 MB to storage
[INFO] PDC_SERVER[2]: Flushed 2 regions to storage, took 7.4309s
[INFO] PDC_SERVER[3]: Flushed 2 regions to storage, took 7.4152s
[INFO] PDC_SERVER[0]: Running write storage strategy STORE_REGION_BY_REGION_SINGLE_FILE
[INFO] PDC_SERVER[0]: Server flushed 2016.0 / 10080.0 MB to storage
[INFO] PDC_SERVER[0]: Flushed 2 regions to storage, took 7.0561s
[INFO] PDC_SERVER[1]: Server flushed 2016.0 / 10080.0 MB to storage
[INFO] PDC_SERVER[1]: Flushed 2 regions to storage, took 7.2244s
[INFO] PDC_SERVER[0]: Running write storage strategy STORE_REGION_BY_REGION_SINGLE_FILE
[INFO] PDC_SERVER[2]: Server flushed 2016.0 / 8064.0 MB to storage
[INFO] PDC_SERVER[3]: Server flushed 2016.0 / 8064.0 MB to storage
[INFO] PDC_SERVER[2]: Flushed 2 regions to storage, took 7.4735s
[INFO] PDC_SERVER[3]: Flushed 2 regions to storage, took 7.4389s
[INFO] PDC_SERVER[0]: Server flushed 2016.0 / 8064.0 MB to storage
[INFO] PDC_SERVER[0]: Flushed 2 regions to storage, took 6.5890s
[INFO] PDC_SERVER[1]: Server flushed 2016.0 / 8064.0 MB to storage
[INFO] PDC_SERVER[1]: Flushed 2 regions to storage, took 6.9415s
[INFO] PDC_SERVER[0]: Running write storage strategy STORE_REGION_BY_REGION_SINGLE_FILE
[INFO] PDC_SERVER[2]: Server flushed 2016.0 / 6048.0 MB to storage
[INFO] PDC_SERVER[3]: Server flushed 2016.0 / 6048.0 MB to storage
[INFO] PDC_SERVER[2]: Flushed 2 regions to storage, took 7.6959s
[INFO] PDC_SERVER[3]: Flushed 2 regions to storage, took 7.7209s
[INFO] PDC_SERVER[0]: Server flushed 2016.0 / 6048.0 MB to storage
[INFO] PDC_SERVER[0]: Flushed 2 regions to storage, took 6.7852s
[INFO] PDC_SERVER[1]: Server flushed 2016.0 / 6048.0 MB to storage
[INFO] PDC_SERVER[1]: Flushed 2 regions to storage, took 7.2032s
[INFO] PDC_SERVER[0]: Running write storage strategy STORE_REGION_BY_REGION_SINGLE_FILE
[INFO] PDC_SERVER[2]: Server flushed 2016.0 / 4032.0 MB to storage
[INFO] PDC_SERVER[3]: Server flushed 2016.0 / 4032.0 MB to storage
[INFO] PDC_SERVER[2]: Flushed 2 regions to storage, took 7.9213s
[INFO] PDC_SERVER[3]: Flushed 2 regions to storage, took 7.9494s
[INFO] PDC_SERVER[0]: Server flushed 2016.0 / 4032.0 MB to storage
[INFO] PDC_SERVER[0]: Flushed 2 regions to storage, took 7.2274s
[INFO] PDC_SERVER[1]: Server flushed 2016.0 / 4032.0 MB to storage
[INFO] PDC_SERVER[1]: Flushed 2 regions to storage, took 7.7243s
[INFO] PDC_SERVER[0]: Running write storage strategy STORE_REGION_BY_REGION_SINGLE_FILE
[INFO] PDC_SERVER[2]: Server flushed 2016.0 / 2016.0 MB to storage
[INFO] PDC_SERVER[2]: Flushed 2 regions to storage, took 8.0375s
[INFO] PDC_SERVER[3]: Server flushed 2016.0 / 2016.0 MB to storage
[INFO] PDC_SERVER[3]: Flushed 2 regions to storage, took 8.1928s
[INFO] PDC_SERVER[0]: Server flushed 2016.0 / 2016.0 MB to storage
[INFO] PDC_SERVER[0]: Flushed 2 regions to storage, took 7.7456s
[INFO] PDC_SERVER[1]: Server flushed 2016.0 / 2016.0 MB to storage
[INFO] PDC_SERVER[1]: Flushed 2 regions to storage, took 7.8012s
[INFO] PDC_SERVER[0]: Running write storage strategy STORE_REGION_BY_REGION_SINGLE_FILE
[INFO] PDC_SERVER[0]: Server flushed 2016.0 / 16128.0 MB to storage
[INFO] PDC_SERVER[1]: Server flushed 2016.0 / 16128.0 MB to storage
[INFO] PDC_SERVER[0]: Flushed 2 regions to storage, took 8.5143s
[INFO] PDC_SERVER[1]: Flushed 2 regions to storage, took 7.8098s
[INFO] PDC_SERVER[2]: Server flushed 2016.0 / 16128.0 MB to storage
[INFO] PDC_SERVER[3]: Server flushed 2016.0 / 16128.0 MB to storage
[INFO] PDC_SERVER[2]: Flushed 2 regions to storage, took 8.9345s
[INFO] PDC_SERVER[0]: Running write storage strategy STORE_REGION_BY_REGION_SINGLE_FILE
[INFO] PDC_SERVER[3]: Flushed 2 regions to storage, took 8.9309s
[INFO] PDC_SERVER[0]: Server flushed 2016.0 / 14112.0 MB to storage
[INFO] PDC_SERVER[0]: Flushed 2 regions to storage, took 7.5088s
[INFO] PDC_SERVER[1]: Server flushed 2016.0 / 14112.0 MB to storage
[INFO] PDC_SERVER[1]: Flushed 2 regions to storage, took 7.7510s
[INFO] PDC_SERVER[0]: Running write storage strategy STORE_REGION_BY_REGION_SINGLE_FILE
[INFO] PDC_SERVER[2]: Server flushed 2016.0 / 14112.0 MB to storage
[INFO] PDC_SERVER[2]: Flushed 2 regions to storage, took 8.6770s
[INFO] PDC_SERVER[3]: Server flushed 2016.0 / 14112.0 MB to storage
[INFO] PDC_SERVER[3]: Flushed 2 regions to storage, took 8.9888s
[INFO] PDC_SERVER[0]: Server flushed 2016.0 / 12096.0 MB to storage
[INFO] PDC_SERVER[0]: Flushed 2 regions to storage, took 6.9772s
[INFO] PDC_SERVER[0]: Running write storage strategy STORE_REGION_BY_REGION_SINGLE_FILE
[INFO] PDC_SERVER[1]: Server flushed 2016.0 / 12096.0 MB to storage
[INFO] PDC_SERVER[1]: Flushed 2 regions to storage, took 8.5223s
[INFO] PDC_SERVER[2]: Server flushed 2016.0 / 12096.0 MB to storage
[INFO] PDC_SERVER[2]: Flushed 2 regions to storage, took 8.7144s
[INFO] PDC_SERVER[3]: Server flushed 2016.0 / 12096.0 MB to storage
[INFO] PDC_SERVER[3]: Flushed 2 regions to storage, took 9.0797s
[INFO] PDC_SERVER[0]: Server flushed 2016.0 / 10080.0 MB to storage
[INFO] PDC_SERVER[0]: Flushed 2 regions to storage, took 6.9689s
[INFO] PDC_SERVER[0]: Running write storage strategy STORE_REGION_BY_REGION_SINGLE_FILE
[INFO] PDC_SERVER[1]: Server flushed 2016.0 / 10080.0 MB to storage
[INFO] PDC_SERVER[1]: Flushed 2 regions to storage, took 7.3846s
[INFO] PDC_SERVER[2]: Server flushed 2016.0 / 10080.0 MB to storage
[INFO] PDC_SERVER[2]: Flushed 2 regions to storage, took 8.6636s
[INFO] PDC_SERVER[0]: Server flushed 2016.0 / 8064.0 MB to storage
[INFO] PDC_SERVER[0]: Flushed 2 regions to storage, took 6.7151s
[INFO] PDC_SERVER[3]: Server flushed 2016.0 / 10080.0 MB to storage
[INFO] PDC_SERVER[3]: Flushed 2 regions to storage, took 9.0985s
[INFO] PDC_SERVER[0]: Running write storage strategy STORE_REGION_BY_REGION_SINGLE_FILE
[INFO] PDC_SERVER[1]: Server flushed 2016.0 / 8064.0 MB to storage
[INFO] PDC_SERVER[1]: Flushed 2 regions to storage, took 6.5707s
[INFO] PDC_SERVER[0]: Server flushed 2016.0 / 6048.0 MB to storage
[INFO] PDC_SERVER[0]: Flushed 2 regions to storage, took 6.8553s
[INFO] PDC_SERVER[2]: Server flushed 2016.0 / 8064.0 MB to storage
[INFO] PDC_SERVER[2]: Flushed 2 regions to storage, took 8.6131s
[INFO] PDC_SERVER[0]: Running write storage strategy STORE_REGION_BY_REGION_SINGLE_FILE
[INFO] PDC_SERVER[1]: Server flushed 2016.0 / 6048.0 MB to storage
[INFO] PDC_SERVER[1]: Flushed 2 regions to storage, took 6.5677s
[INFO] PDC_SERVER[3]: Server flushed 2016.0 / 8064.0 MB to storage
[INFO] PDC_SERVER[3]: Flushed 2 regions to storage, took 9.2205s
[INFO] PDC_SERVER[0]: Server flushed 2016.0 / 4032.0 MB to storage
[INFO] PDC_SERVER[0]: Flushed 2 regions to storage, took 6.8291s
[INFO] PDC_SERVER[1]: Server flushed 2016.0 / 4032.0 MB to storage
[INFO] PDC_SERVER[1]: Flushed 2 regions to storage, took 6.4842s
[INFO] PDC_SERVER[0]: Running write storage strategy STORE_REGION_BY_REGION_SINGLE_FILE
[INFO] PDC_SERVER[2]: Server flushed 2016.0 / 6048.0 MB to storage
[INFO] PDC_SERVER[2]: Flushed 2 regions to storage, took 8.6311s
[INFO] PDC_SERVER[3]: Server flushed 2016.0 / 6048.0 MB to storage
[INFO] PDC_SERVER[3]: Flushed 2 regions to storage, took 9.2556s
[INFO] PDC_SERVER[0]: Server flushed 2016.0 / 2016.0 MB to storage
[INFO] PDC_SERVER[0]: Flushed 2 regions to storage, took 7.8988s
[INFO] PDC_SERVER[1]: Server flushed 2016.0 / 2016.0 MB to storage
[INFO] PDC_SERVER[1]: Flushed 2 regions to storage, took 7.6821s
[INFO] PDC_SERVER[2]: Server flushed 2016.0 / 4032.0 MB to storage
[INFO] PDC_SERVER[2]: Flushed 2 regions to storage, took 8.8710s
[INFO] PDC_SERVER[3]: Server flushed 2016.0 / 4032.0 MB to storage
[INFO] PDC_SERVER[3]: Flushed 2 regions to storage, took 9.4762s
[INFO] PDC_SERVER[2]: Server flushed 2016.0 / 2016.0 MB to storage
[INFO] PDC_SERVER[2]: Flushed 2 regions to storage, took 8.8360s
[INFO] PDC_SERVER[3]: Server flushed 2016.0 / 2016.0 MB to storage
[INFO] PDC_SERVER[3]: Flushed 2 regions to storage, took 10.9819s
[INFO] PDC_SERVER[0]: Running write storage strategy STORE_REGION_BY_REGION_SINGLE_FILE
[INFO] PDC_SERVER[0]: Server flushed 2016.0 / 16128.0 MB to storage
[INFO] PDC_SERVER[0]: Flushed 2 regions to storage, took 8.6660s
[INFO] PDC_SERVER[1]: Server flushed 2016.0 / 16128.0 MB to storage
[INFO] PDC_SERVER[1]: Flushed 2 regions to storage, took 8.4544s
[INFO] PDC_SERVER[0]: Running write storage strategy STORE_REGION_BY_REGION_SINGLE_FILE
[INFO] PDC_SERVER[2]: Server flushed 2016.0 / 16128.0 MB to storage
[INFO] PDC_SERVER[2]: Flushed 2 regions to storage, took 9.0866s
[INFO] PDC_SERVER[3]: Server flushed 2016.0 / 16128.0 MB to storage
[INFO] PDC_SERVER[3]: Flushed 2 regions to storage, took 9.3189s
[INFO] PDC_SERVER[0]: Server flushed 2016.0 / 14112.0 MB to storage
[INFO] PDC_SERVER[0]: Flushed 2 regions to storage, took 8.0627s
[INFO] PDC_SERVER[1]: Server flushed 2016.0 / 14112.0 MB to storage
[INFO] PDC_SERVER[0]: Running write storage strategy STORE_REGION_BY_REGION_SINGLE_FILE
[INFO] PDC_SERVER[1]: Flushed 2 regions to storage, took 8.5987s
[INFO] PDC_SERVER[2]: Server flushed 2016.0 / 14112.0 MB to storage
[INFO] PDC_SERVER[2]: Flushed 2 regions to storage, took 9.2356s
[INFO] PDC_SERVER[3]: Server flushed 2016.0 / 14112.0 MB to storage
[INFO] PDC_SERVER[3]: Flushed 2 regions to storage, took 9.8820s
[INFO] PDC_SERVER[0]: Server flushed 2016.0 / 12096.0 MB to storage
[INFO] PDC_SERVER[0]: Flushed 2 regions to storage, took 7.3513s
[INFO] PDC_SERVER[0]: Running write storage strategy STORE_REGION_BY_REGION_SINGLE_FILE
[INFO] PDC_SERVER[1]: Server flushed 2016.0 / 12096.0 MB to storage
[INFO] PDC_SERVER[1]: Flushed 2 regions to storage, took 8.3881s
[INFO] PDC_SERVER[2]: Server flushed 2016.0 / 12096.0 MB to storage
[INFO] PDC_SERVER[2]: Flushed 2 regions to storage, took 9.3558s
[INFO] PDC_SERVER[0]: Server flushed 2016.0 / 10080.0 MB to storage
[INFO] PDC_SERVER[0]: Flushed 2 regions to storage, took 7.5005s
[INFO] PDC_SERVER[3]: Server flushed 2016.0 / 12096.0 MB to storage
[INFO] PDC_SERVER[3]: Flushed 2 regions to storage, took 9.4566s
[INFO] PDC_SERVER[0]: Running write storage strategy STORE_REGION_BY_REGION_SINGLE_FILE
[INFO] PDC_SERVER[1]: Server flushed 2016.0 / 10080.0 MB to storage
[INFO] PDC_SERVER[1]: Flushed 2 regions to storage, took 7.7625s
[INFO] PDC_SERVER[0]: Server flushed 2016.0 / 8064.0 MB to storage
[INFO] PDC_SERVER[0]: Flushed 2 regions to storage, took 7.5840s
[INFO] PDC_SERVER[2]: Server flushed 2016.0 / 10080.0 MB to storage
[INFO] PDC_SERVER[2]: Flushed 2 regions to storage, took 9.4792s
[INFO] PDC_SERVER[0]: Running write storage strategy STORE_REGION_BY_REGION_SINGLE_FILE
[INFO] PDC_SERVER[3]: Server flushed 2016.0 / 10080.0 MB to storage
[INFO] PDC_SERVER[3]: Flushed 2 regions to storage, took 9.4776s
[INFO] PDC_SERVER[1]: Server flushed 2016.0 / 8064.0 MB to storage
[INFO] PDC_SERVER[1]: Flushed 2 regions to storage, took 7.7226s
[INFO] PDC_SERVER[0]: Server flushed 2016.0 / 6048.0 MB to storage
[INFO] PDC_SERVER[0]: Flushed 2 regions to storage, took 7.6825s
[INFO] PDC_SERVER[2]: Server flushed 2016.0 / 8064.0 MB to storage
[INFO] PDC_SERVER[2]: Flushed 2 regions to storage, took 9.4650s
[INFO] PDC_SERVER[0]: Running write storage strategy STORE_REGION_BY_REGION_SINGLE_FILE
[INFO] PDC_SERVER[1]: Server flushed 2016.0 / 6048.0 MB to storage
[INFO] PDC_SERVER[1]: Flushed 2 regions to storage, took 7.8706s
[INFO] PDC_SERVER[3]: Server flushed 2016.0 / 8064.0 MB to storage
[INFO] PDC_SERVER[3]: Flushed 2 regions to storage, took 9.7904s
[INFO] PDC_SERVER[0]: Server flushed 2016.0 / 4032.0 MB to storage
[INFO] PDC_SERVER[0]: Flushed 2 regions to storage, took 7.7415s
[INFO] PDC_SERVER[0]: Running write storage strategy STORE_REGION_BY_REGION_SINGLE_FILE
[INFO] PDC_SERVER[2]: Server flushed 2016.0 / 6048.0 MB to storage
[INFO] PDC_SERVER[2]: Flushed 2 regions to storage, took 9.5397s
[INFO] PDC_SERVER[1]: Server flushed 2016.0 / 4032.0 MB to storage
[INFO] PDC_SERVER[1]: Flushed 2 regions to storage, took 7.9150s
[INFO] PDC_SERVER[3]: Server flushed 2016.0 / 6048.0 MB to storage
[INFO] PDC_SERVER[3]: Flushed 2 regions to storage, took 10.3112s
[INFO] PDC_SERVER[0]: Server flushed 2016.0 / 2016.0 MB to storage
[INFO] PDC_SERVER[0]: Flushed 2 regions to storage, took 7.8094s
[INFO] PDC_SERVER[1]: Server flushed 2016.0 / 2016.0 MB to storage
[INFO] PDC_SERVER[1]: Flushed 2 regions to storage, took 7.7246s
[INFO] PDC_SERVER[2]: Server flushed 2016.0 / 4032.0 MB to storage
[INFO] PDC_SERVER[2]: Flushed 2 regions to storage, took 9.6901s
[INFO] PDC_SERVER[3]: Server flushed 2016.0 / 4032.0 MB to storage
[INFO] PDC_SERVER[3]: Flushed 2 regions to storage, took 12.6385s
[INFO] PDC_SERVER[2]: Server flushed 2016.0 / 2016.0 MB to storage
[INFO] PDC_SERVER[2]: Flushed 2 regions to storage, took 11.5339s
[INFO] PDC_SERVER[3]: Server flushed 2016.0 / 2016.0 MB to storage
[INFO] PDC_SERVER[3]: Flushed 2 regions to storage, took 10.8673s
[INFO] PDC_SERVER[0]: Running write storage strategy STORE_REGION_BY_REGION_SINGLE_FILE
[INFO] PDC_SERVER[0]: Server flushed 2016.0 / 16128.0 MB to storage
[INFO] PDC_SERVER[1]: Server flushed 2016.0 / 16128.0 MB to storage
[INFO] PDC_SERVER[0]: Flushed 2 regions to storage, took 8.9666s
[INFO] PDC_SERVER[1]: Flushed 2 regions to storage, took 8.6834s
[INFO] PDC_SERVER[0]: Running write storage strategy STORE_REGION_BY_REGION_SINGLE_FILE
[INFO] PDC_SERVER[2]: Server flushed 2016.0 / 16128.0 MB to storage
[INFO] PDC_SERVER[2]: Flushed 2 regions to storage, took 9.6645s
[INFO] PDC_SERVER[0]: Server flushed 2016.0 / 14112.0 MB to storage
[INFO] PDC_SERVER[0]: Flushed 2 regions to storage, took 8.3910s
[INFO] PDC_SERVER[1]: Server flushed 2016.0 / 14112.0 MB to storage
[INFO] PDC_SERVER[1]: Flushed 2 regions to storage, took 8.7696s
[INFO] PDC_SERVER[3]: Server flushed 2016.0 / 16128.0 MB to storage
[INFO] PDC_SERVER[3]: Flushed 2 regions to storage, took 9.3070s
[INFO] PDC_SERVER[0]: Running write storage strategy STORE_REGION_BY_REGION_SINGLE_FILE
[INFO] PDC_SERVER[2]: Server flushed 2016.0 / 14112.0 MB to storage
[INFO] PDC_SERVER[2]: Flushed 2 regions to storage, took 9.1492s
[INFO] PDC_SERVER[0]: Server flushed 2016.0 / 12096.0 MB to storage
[INFO] PDC_SERVER[0]: Flushed 2 regions to storage, took 7.9550s
[INFO] PDC_SERVER[1]: Server flushed 2016.0 / 12096.0 MB to storage
[INFO] PDC_SERVER[1]: Flushed 2 regions to storage, took 8.9505s
[INFO] PDC_SERVER[0]: Running write storage strategy STORE_REGION_BY_REGION_SINGLE_FILE
[INFO] PDC_SERVER[3]: Server flushed 2016.0 / 14112.0 MB to storage
[INFO] PDC_SERVER[3]: Flushed 2 regions to storage, took 9.5058s
[INFO] PDC_SERVER[0]: Server flushed 2016.0 / 10080.0 MB to storage
[INFO] PDC_SERVER[0]: Flushed 2 regions to storage, took 7.7025s
[INFO] PDC_SERVER[2]: Server flushed 2016.0 / 12096.0 MB to storage
[INFO] PDC_SERVER[2]: Flushed 2 regions to storage, took 9.1911s
[INFO] PDC_SERVER[0]: Running write storage strategy STORE_REGION_BY_REGION_SINGLE_FILE
[INFO] PDC_SERVER[1]: Server flushed 2016.0 / 10080.0 MB to storage
[INFO] PDC_SERVER[1]: Flushed 2 regions to storage, took 8.9704s
[INFO] PDC_SERVER[3]: Server flushed 2016.0 / 12096.0 MB to storage
[INFO] PDC_SERVER[3]: Flushed 2 regions to storage, took 9.4895s
[INFO] PDC_SERVER[0]: Server flushed 2016.0 / 8064.0 MB to storage
[INFO] PDC_SERVER[0]: Flushed 2 regions to storage, took 7.7551s
[INFO] PDC_SERVER[2]: Server flushed 2016.0 / 10080.0 MB to storage
[INFO] PDC_SERVER[2]: Flushed 2 regions to storage, took 9.4967s
[INFO] PDC_SERVER[0]: Running write storage strategy STORE_REGION_BY_REGION_SINGLE_FILE
[INFO] PDC_SERVER[1]: Server flushed 2016.0 / 8064.0 MB to storage
[INFO] PDC_SERVER[1]: Flushed 2 regions to storage, took 9.4031s
[INFO] PDC_SERVER[3]: Server flushed 2016.0 / 10080.0 MB to storage
[INFO] PDC_SERVER[3]: Flushed 2 regions to storage, took 9.6478s
[INFO] PDC_SERVER[0]: Server flushed 2016.0 / 6048.0 MB to storage
[INFO] PDC_SERVER[0]: Flushed 2 regions to storage, took 7.6178s
[INFO] PDC_SERVER[0]: Running write storage strategy STORE_REGION_BY_REGION_SINGLE_FILE
[INFO] PDC_SERVER[2]: Server flushed 2016.0 / 8064.0 MB to storage
[INFO] PDC_SERVER[2]: Flushed 2 regions to storage, took 9.8762s
[INFO] PDC_SERVER[1]: Server flushed 2016.0 / 6048.0 MB to storage
[INFO] PDC_SERVER[1]: Flushed 2 regions to storage, took 8.5720s
[INFO] PDC_SERVER[0]: Server flushed 2016.0 / 4032.0 MB to storage
[INFO] PDC_SERVER[0]: Flushed 2 regions to storage, took 7.3937s
[INFO] PDC_SERVER[3]: Server flushed 2016.0 / 8064.0 MB to storage
[INFO] PDC_SERVER[3]: Flushed 2 regions to storage, took 9.8491s
[INFO] PDC_SERVER[0]: Running write storage strategy STORE_REGION_BY_REGION_SINGLE_FILE
[INFO] PDC_SERVER[1]: Server flushed 2016.0 / 4032.0 MB to storage
[INFO] PDC_SERVER[1]: Flushed 2 regions to storage, took 8.3131s
[INFO] PDC_SERVER[2]: Server flushed 2016.0 / 6048.0 MB to storage
[INFO] PDC_SERVER[2]: Flushed 2 regions to storage, took 10.0920s
[INFO] PDC_SERVER[0]: Server flushed 2016.0 / 2016.0 MB to storage
[INFO] PDC_SERVER[0]: Flushed 2 regions to storage, took 8.3554s
[INFO] PDC_SERVER[3]: Server flushed 2016.0 / 6048.0 MB to storage
[INFO] PDC_SERVER[3]: Flushed 2 regions to storage, took 9.9589s
[INFO] PDC_SERVER[1]: Server flushed 2016.0 / 2016.0 MB to storage
[INFO] PDC_SERVER[1]: Flushed 2 regions to storage, took 7.7633s
[INFO] PDC_SERVER[2]: Server flushed 2016.0 / 4032.0 MB to storage
[INFO] PDC_SERVER[2]: Flushed 2 regions to storage, took 10.2625s
[INFO] PDC_SERVER[3]: Server flushed 2016.0 / 4032.0 MB to storage
[INFO] PDC_SERVER[3]: Flushed 2 regions to storage, took 9.7840s
[INFO] PDC_SERVER[2]: Server flushed 2016.0 / 2016.0 MB to storage
[INFO] PDC_SERVER[2]: Flushed 2 regions to storage, took 12.9079s
[INFO] PDC_SERVER[0]: Running write storage strategy STORE_REGION_BY_REGION_SINGLE_FILE
[INFO] PDC_SERVER[0]: Server flushed 2016.0 / 16128.0 MB to storage
[INFO] PDC_SERVER[1]: Server flushed 2016.0 / 16128.0 MB to storage
[INFO] PDC_SERVER[0]: Running write storage strategy STORE_REGION_BY_REGION_SINGLE_FILE
[INFO] PDC_SERVER[0]: Server flushed 2016.0 / 14112.0 MB to storage
[INFO] PDC_SERVER[1]: Server flushed 2016.0 / 14112.0 MB to storage
[INFO] PDC_SERVER[0]: Running write storage strategy STORE_REGION_BY_REGION_SINGLE_FILE
[INFO] PDC_SERVER[0]: Server flushed 2016.0 / 12096.0 MB to storage
[INFO] PDC_SERVER[0]: Running write storage strategy STORE_REGION_BY_REGION_SINGLE_FILE
[INFO] PDC_SERVER[1]: Server flushed 2016.0 / 12096.0 MB to storage
[INFO] PDC_SERVER[3]: Server flushed 2016.0 / 18144.0 MB to storage
[INFO] PDC_SERVER[3]: Flushed 2 regions to storage, took 4.2698s
[INFO] PDC_SERVER[2]: Server flushed 2016.0 / 16128.0 MB to storage
[INFO] PDC_SERVER[2]: Flushed 2 regions to storage, took 3.1077s
[INFO] PDC_SERVER[0]: Server flushed 2016.0 / 10080.0 MB to storage
[INFO] PDC_SERVER[0]: Running write storage strategy STORE_REGION_BY_REGION_SINGLE_FILE
[INFO] PDC_SERVER[1]: Server flushed 2016.0 / 10080.0 MB to storage
[INFO] PDC_SERVER[3]: Server flushed 2016.0 / 16128.0 MB to storage
[INFO] PDC_SERVER[3]: Flushed 2 regions to storage, took 3.0503s
[INFO] PDC_SERVER[0]: Server flushed 2016.0 / 8064.0 MB to storage
[INFO] PDC_SERVER[2]: Server flushed 2016.0 / 14112.0 MB to storage
[INFO] PDC_SERVER[2]: Flushed 2 regions to storage, took 3.1372s
[INFO] PDC_SERVER[0]: Running write storage strategy STORE_REGION_BY_REGION_SINGLE_FILE
[INFO] PDC_SERVER[1]: Server flushed 2016.0 / 8064.0 MB to storage
[INFO] PDC_SERVER[3]: Server flushed 2016.0 / 14112.0 MB to storage
[INFO] PDC_SERVER[3]: Flushed 2 regions to storage, took 3.0688s
[INFO] PDC_SERVER[0]: Server flushed 2016.0 / 6048.0 MB to storage
[INFO] PDC_SERVER[2]: Server flushed 2016.0 / 12096.0 MB to storage
[INFO] PDC_SERVER[2]: Flushed 2 regions to storage, took 3.0785s
[INFO] PDC_SERVER[0]: Running write storage strategy STORE_REGION_BY_REGION_SINGLE_FILE
[INFO] PDC_SERVER[1]: Server flushed 2016.0 / 6048.0 MB to storage
[INFO] PDC_SERVER[3]: Server flushed 2016.0 / 12096.0 MB to storage
[INFO] PDC_SERVER[3]: Flushed 2 regions to storage, took 3.0732s
[INFO] PDC_SERVER[0]: Server flushed 2016.0 / 4032.0 MB to storage
[INFO] PDC_SERVER[2]: Server flushed 2016.0 / 10080.0 MB to storage
[INFO] PDC_SERVER[2]: Flushed 2 regions to storage, took 3.0727s
[INFO] PDC_SERVER[0]: Running write storage strategy STORE_REGION_BY_REGION_SINGLE_FILE
[INFO] PDC_SERVER[1]: Server flushed 2016.0 / 4032.0 MB to storage
[INFO] PDC_SERVER[3]: Server flushed 2016.0 / 10080.0 MB to storage
[INFO] PDC_SERVER[3]: Flushed 2 regions to storage, took 3.0949s
[INFO] PDC_SERVER[0]: Server flushed 2016.0 / 2016.0 MB to storage
[INFO] PDC_SERVER[0]: Checkpoint file [./pdc_tmp//0/metadata_checkpoint.0]
[INFO] PDC_SERVER[2]: Server flushed 2016.0 / 8064.0 MB to storage
[INFO] PDC_SERVER[2]: Flushed 2 regions to storage, took 3.0908s
[INFO] PDC_SERVER[3]: Server flushed 2016.0 / 8064.0 MB to storage
[INFO] PDC_SERVER[3]: Flushed 2 regions to storage, took 3.1001s
[INFO] PDC_SERVER[1]: Server flushed 2016.0 / 2016.0 MB to storage
[INFO] PDC_CLIENT[1]: [IDIOMS_Index_Dump_1] Timer to dump index = 10.0000 microseconds
[INFO] PDC_SERVER[2]: Server flushed 2016.0 / 6048.0 MB to storage
[INFO] PDC_SERVER[2]: Flushed 2 regions to storage, took 3.1735s
[INFO] PDC_SERVER[3]: Server flushed 2016.0 / 6048.0 MB to storage
[INFO] PDC_SERVER[3]: Flushed 2 regions to storage, took 3.0955s
[INFO] PDC_SERVER[2]: Server flushed 2016.0 / 4032.0 MB to storage
[INFO] PDC_SERVER[2]: Flushed 2 regions to storage, took 3.2694s
[INFO] PDC_SERVER[3]: Server flushed 2016.0 / 4032.0 MB to storage
[INFO] PDC_SERVER[3]: Flushed 2 regions to storage, took 3.1594s
[INFO] PDC_SERVER[2]: Server flushed 2016.0 / 2016.0 MB to storage
[INFO] PDC_SERVER[2]: Flushed 2 regions to storage, took 3.3583s
[INFO] PDC_SERVER[3]: Server flushed 2016.0 / 2016.0 MB to storage
[INFO] PDC_SERVER[3]: Flushed 2 regions to storage, took 3.1652s
[INFO] PDC_CLIENT[3]: [IDIOMS_Index_Dump_3] Timer to dump index = 10.0000 microseconds
[INFO] PDC_SERVER[0]: Checkpointed         40 objects, with          0 regions 
[INFO] PDC_CLIENT[0]: Writing DART info to file_name: ./pdc_tmp//dart_info.bin
[INFO] PDC_CLIENT[2]: [IDIOMS_Index_Dump_2] Timer to dump index = 8.0000 microseconds
[INFO] PDC_CLIENT[0]: [IDIOMS_Index_Dump_0] Timer to dump index = 1837.0000 microseconds
