[INFO] PDC_CLIENT[0]: Writing 8388608 number of particles for 1 steps with 64 clients.
[INFO] PDC_CLIENT[13]: PDCtf_init called
[INFO] PDC_CLIENT[41]: PDCtf_init called
[INFO] PDC_CLIENT[22]: PDCtf_init called
[INFO] PDC_CLIENT[62]: PDCtf_init called
[INFO] PDC_CLIENT[25]: PDCtf_init called
[INFO] PDC_CLIENT[32]: PDCtf_init called
[INFO] PDC_CLIENT[27]: PDCtf_init called
[INFO] PDC_CLIENT[44]: PDCtf_init called
[INFO] PDC_CLIENT[29]: PDCtf_init called
[INFO] PDC_CLIENT[48]: PDCtf_init called
[INFO] PDC_CLIENT[3]: PDCtf_init called
[INFO] PDC_CLIENT[51]: PDCtf_init called
[INFO] PDC_CLIENT[1]: PDCtf_init called
[INFO] PDC_CLIENT[55]: PDCtf_init called
[INFO] PDC_CLIENT[7]: PDCtf_init called
[INFO] PDC_CLIENT[56]: PDCtf_init called
[INFO] PDC_CLIENT[15]: PDCtf_init called
[INFO] PDC_CLIENT[61]: PDCtf_init called
[INFO] PDC_CLIENT[23]: PDCtf_init called
[INFO] PDC_CLIENT[38]: PDCtf_init called
[INFO] PDC_CLIENT[11]: PDCtf_init called
[INFO] PDC_CLIENT[40]: PDCtf_init called
[INFO] PDC_CLIENT[12]: PDCtf_init called
[INFO] PDC_CLIENT[43]: PDCtf_init called
[INFO] PDC_CLIENT[16]: PDCtf_init called
[INFO] PDC_CLIENT[45]: PDCtf_init called
[INFO] PDC_CLIENT[17]: PDCtf_init called
[INFO] PDC_CLIENT[54]: PDCtf_init called
[INFO] PDC_CLIENT[26]: PDCtf_init called
[INFO] PDC_CLIENT[58]: PDCtf_init called
[INFO] PDC_CLIENT[4]: PDCtf_init called
[INFO] PDC_CLIENT[34]: PDCtf_init called
[INFO] PDC_CLIENT[5]: PDCtf_init called
[INFO] PDC_CLIENT[42]: PDCtf_init called
[INFO] PDC_CLIENT[9]: PDCtf_init called
[INFO] PDC_CLIENT[47]: PDCtf_init called
[INFO] PDC_CLIENT[20]: PDCtf_init called
[INFO] PDC_CLIENT[49]: PDCtf_init called
[INFO] PDC_CLIENT[21]: PDCtf_init called
[INFO] PDC_CLIENT[50]: PDCtf_init called
[INFO] PDC_CLIENT[24]: PDCtf_init called
[INFO] PDC_CLIENT[53]: PDCtf_init called
[INFO] PDC_CLIENT[31]: PDCtf_init called
[INFO] PDC_CLIENT[33]: PDCtf_init called
[INFO] PDC_CLIENT[6]: PDCtf_init called
[INFO] PDC_CLIENT[37]: PDCtf_init called
[INFO] PDC_CLIENT[10]: PDCtf_init called
[INFO] PDC_CLIENT[39]: PDCtf_init called
[INFO] PDC_CLIENT[18]: PDCtf_init called
[INFO] PDC_CLIENT[46]: PDCtf_init called
[INFO] PDC_CLIENT[19]: PDCtf_init called
[INFO] PDC_CLIENT[59]: PDCtf_init called
[INFO] PDC_CLIENT[28]: PDCtf_init called
[INFO] PDC_CLIENT[60]: PDCtf_init called
[INFO] PDC_CLIENT[30]: PDCtf_init called
[INFO] PDC_CLIENT[35]: PDCtf_init called
[INFO] PDC_CLIENT[2]: PDCtf_init called
[INFO] PDC_CLIENT[36]: PDCtf_init called
[INFO] PDC_CLIENT[8]: PDCtf_init called
[INFO] PDC_CLIENT[14]: PDCtf_init called
[INFO] PDC_CLIENT[0]: PDCtf_init called
[INFO] PDC_CLIENT[0]: PDC_DEBUG set to 0
[INFO] PDC_CLIENT[52]: PDCtf_init called
[INFO] PDC_CLIENT[57]: PDCtf_init called
[INFO] PDC_CLIENT[63]: PDCtf_init called
[INFO] PDC_CLIENT[0]: Found 2 PDC Metadata servers, running with 64 PDC clients
[INFO] PDC_CLIENT[0]: Environment variable HG_TRANSPORT was NOT set
[INFO] PDC_CLIENT[0]: Environment variable HG_HOST was NOT set
[INFO] PDC_CLIENT[0]: Connection string: ofi+tcp://nid005389:8000
[INFO] PDC_CLIENT[0]: Using [./pdc_tmp] as tmp dir, 32 clients per server
[INFO] PDC_CLIENT[0]: 
[2025-10-07 13:50:30.481500] #Step  0
[INFO] PDC_CLIENT[0]: [2025-10-07 13:50:30.483446] Obj create time: 1.67947e-03
[INFO] PDC_CLIENT[0]: [2025-10-07 13:50:30.483665] Transfer create time: 2.18853e-04
[INFO] PDC_CLIENT[0]: [2025-10-07 13:50:31.487721] Transfer start time: 1.00406e+00
[INFO] PDC_CLIENT[0]: [2025-10-07 13:50:34.709182] Transfer wait time: 3.22124e+00
[INFO] PDC_CLIENT[0]: [2025-10-07 13:50:34.814466] Transfer close time: 1.05286e-01
[INFO] PDC_CLIENT[0]: [2025-10-07 13:50:34.814613] Obj close time: 1.48087e-04
[INFO] PDC_CLIENT[0]: 
[2025-10-07 13:50:34.814699] #Step  0
[INFO] PDC_CLIENT[0]: [2025-10-07 13:50:34.816152] Obj create time: 1.38145e-03
[INFO] PDC_CLIENT[0]: [2025-10-07 13:50:34.816180] Transfer create time: 2.83050e-05
[INFO] PDC_CLIENT[0]: [2025-10-07 13:50:35.036467] Transfer start time: 2.20286e-01
[INFO] PDC_CLIENT[0]: [2025-10-07 13:50:41.432482] Transfer wait time: 6.37599e+00
[INFO] PDC_CLIENT[0]: [2025-10-07 13:50:41.534217] Transfer close time: 1.01738e-01
[INFO] PDC_CLIENT[0]: [2025-10-07 13:50:41.534560] Obj close time: 3.44398e-04
[INFO] PDC_CLIENT[0]: Data was validated successfully
