[INFO] PDC_CLIENT[40]: PDCtf_init called
[INFO] PDC_CLIENT[0]: Writing 8388608 number of particles for 1 steps with 64 clients.
[INFO] PDC_CLIENT[50]: PDCtf_init called
[INFO] PDC_CLIENT[2]: PDCtf_init called
[INFO] PDC_CLIENT[58]: PDCtf_init called
[INFO] PDC_CLIENT[9]: PDCtf_init called
[INFO] PDC_CLIENT[36]: PDCtf_init called
[INFO] PDC_CLIENT[3]: PDCtf_init called
[INFO] PDC_CLIENT[38]: PDCtf_init called
[INFO] PDC_CLIENT[7]: PDCtf_init called
[INFO] PDC_CLIENT[42]: PDCtf_init called
[INFO] PDC_CLIENT[13]: PDCtf_init called
[INFO] PDC_CLIENT[56]: PDCtf_init called
[INFO] PDC_CLIENT[23]: PDCtf_init called
[INFO] PDC_CLIENT[57]: PDCtf_init called
[INFO] PDC_CLIENT[25]: PDCtf_init called
[INFO] PDC_CLIENT[61]: PDCtf_init called
[INFO] PDC_CLIENT[27]: PDCtf_init called
[INFO] PDC_CLIENT[35]: PDCtf_init called
[INFO] PDC_CLIENT[29]: PDCtf_init called
[INFO] PDC_CLIENT[44]: PDCtf_init called
[INFO] PDC_CLIENT[6]: PDCtf_init called
[INFO] PDC_CLIENT[48]: PDCtf_init called
[INFO] PDC_CLIENT[11]: PDCtf_init called
[INFO] PDC_CLIENT[41]: PDCtf_init called
[INFO] PDC_CLIENT[16]: PDCtf_init called
[INFO] PDC_CLIENT[55]: PDCtf_init called
[INFO] PDC_CLIENT[19]: PDCtf_init called
[INFO] PDC_CLIENT[54]: PDCtf_init called
[INFO] PDC_CLIENT[5]: PDCtf_init called
[INFO] PDC_CLIENT[63]: PDCtf_init called
[INFO] PDC_CLIENT[15]: PDCtf_init called
[INFO] PDC_CLIENT[33]: PDCtf_init called
[INFO] PDC_CLIENT[24]: PDCtf_init called
[INFO] PDC_CLIENT[34]: PDCtf_init called
[INFO] PDC_CLIENT[30]: PDCtf_init called
[INFO] PDC_CLIENT[37]: PDCtf_init called
[INFO] PDC_CLIENT[31]: PDCtf_init called
[INFO] PDC_CLIENT[39]: PDCtf_init called
[INFO] PDC_CLIENT[4]: PDCtf_init called
[INFO] PDC_CLIENT[47]: PDCtf_init called
[INFO] PDC_CLIENT[12]: PDCtf_init called
[INFO] PDC_CLIENT[59]: PDCtf_init called
[INFO] PDC_CLIENT[14]: PDCtf_init called
[INFO] PDC_CLIENT[60]: PDCtf_init called
[INFO] PDC_CLIENT[17]: PDCtf_init called
[INFO] PDC_CLIENT[32]: PDCtf_init called
[INFO] PDC_CLIENT[18]: PDCtf_init called
[INFO] PDC_CLIENT[43]: PDCtf_init called
[INFO] PDC_CLIENT[26]: PDCtf_init called
[INFO] PDC_CLIENT[45]: PDCtf_init called
[INFO] PDC_CLIENT[28]: PDCtf_init called
[INFO] PDC_CLIENT[46]: PDCtf_init called
[INFO] PDC_CLIENT[1]: PDCtf_init called
[INFO] PDC_CLIENT[49]: PDCtf_init called
[INFO] PDC_CLIENT[8]: PDCtf_init called
[INFO] PDC_CLIENT[51]: PDCtf_init called
[INFO] PDC_CLIENT[10]: PDCtf_init called
[INFO] PDC_CLIENT[52]: PDCtf_init called
[INFO] PDC_CLIENT[20]: PDCtf_init called
[INFO] PDC_CLIENT[21]: PDCtf_init called
[INFO] PDC_CLIENT[22]: PDCtf_init called
[INFO] PDC_CLIENT[0]: PDCtf_init called
[INFO] PDC_CLIENT[53]: PDCtf_init called
[INFO] PDC_CLIENT[0]: PDC_DEBUG set to 0
[INFO] PDC_CLIENT[62]: PDCtf_init called
[INFO] PDC_CLIENT[0]: Found 2 PDC Metadata servers, running with 64 PDC clients
[INFO] PDC_CLIENT[0]: Environment variable HG_TRANSPORT was NOT set
[INFO] PDC_CLIENT[0]: Environment variable HG_HOST was NOT set
[INFO] PDC_CLIENT[0]: Connection string: ofi+tcp://nid005389:8000
[INFO] PDC_CLIENT[0]: Using [./pdc_tmp] as tmp dir, 32 clients per server
[INFO] PDC_CLIENT[0]: 
[2025-10-07 13:48:44.184325] #Step  0
[INFO] PDC_CLIENT[0]: [2025-10-07 13:48:44.185806] Obj create time: 1.20994e-03
[INFO] PDC_CLIENT[0]: [2025-10-07 13:48:44.186086] Transfer create time: 2.79171e-04
[INFO] PDC_CLIENT[0]: [2025-10-07 13:48:45.169837] Transfer start time: 9.83751e-01
[INFO] PDC_CLIENT[0]: [2025-10-07 13:48:48.389427] Transfer wait time: 3.21954e+00
[INFO] PDC_CLIENT[0]: [2025-10-07 13:48:48.494509] Transfer close time: 1.05086e-01
[INFO] PDC_CLIENT[0]: [2025-10-07 13:48:48.494547] Obj close time: 3.82040e-05
[INFO] PDC_CLIENT[0]: 
[2025-10-07 13:48:48.494559] #Step  0
[INFO] PDC_CLIENT[0]: [2025-10-07 13:48:48.495852] Obj create time: 1.28651e-03
[INFO] PDC_CLIENT[0]: [2025-10-07 13:48:48.495876] Transfer create time: 2.40370e-05
[INFO] PDC_CLIENT[0]: [2025-10-07 13:48:48.688471] Transfer start time: 1.92594e-01
[INFO] PDC_CLIENT[0]: [2025-10-07 13:48:53.836526] Transfer wait time: 5.11109e+00
[INFO] PDC_CLIENT[0]: [2025-10-07 13:48:53.933899] Transfer close time: 9.73767e-02
[INFO] PDC_CLIENT[0]: [2025-10-07 13:48:53.934203] Obj close time: 3.04540e-04
[INFO] PDC_CLIENT[0]: Data was validated successfully
