[INFO] PDC_SERVER[1]: Environment variable HG_TRANSPORT was NOT set
[INFO] PDC_SERVER[1]: Environment variable HG_HOST was NOT set
[INFO] PDC_SERVER[0]: Using [./pdc_tmp/] as tmp dir, 1 OSTs, 1 OSTs per data file, 0% to BB
[INFO] PDC_SERVER[0]: Environment variable HG_TRANSPORT was NOT set
[INFO] PDC_SERVER[0]: Environment variable HG_HOST was NOT set
[INFO] PDC_SERVER[0]: Connection string: ofi+tcp://nid005389:7000
[INFO] PDC_SERVER[0]: Without multi-thread
[INFO] PDC_SERVER[0]: Read cache enabled
[INFO] PDC_SERVER[0]: Max cache size: 34359738368
[INFO] PDC_SERVER[0]: Successfully established connection to 1 other PDC servers
[INFO] PDC_SERVER[0]: Server ready!


[INFO] PDC_SERVER[0]: Running write storage strategy STORE_REGION_BY_REGION_SINGLE_FILE
[INFO] PDC_SERVER[1]: Server flushed 1024.0 / 8192.0 MB to storage
[INFO] PDC_SERVER[1]: Flushed 2 regions to storage, took 2.1077s
[INFO] PDC_SERVER[0]: Server flushed 1024.0 / 8192.0 MB to storage
[INFO] PDC_SERVER[0]: Flushed 2 regions to storage, took 2.0859s
[INFO] PDC_SERVER[0]: Running write storage strategy STORE_REGION_BY_REGION_SINGLE_FILE
[INFO] PDC_SERVER[1]: Server flushed 1024.0 / 7168.0 MB to storage
[INFO] PDC_SERVER[1]: Flushed 2 regions to storage, took 1.5584s
[INFO] PDC_SERVER[0]: Server flushed 1024.0 / 7168.0 MB to storage
[INFO] PDC_SERVER[0]: Flushed 2 regions to storage, took 1.4582s
[INFO] PDC_SERVER[0]: Running write storage strategy STORE_REGION_BY_REGION_SINGLE_FILE
[INFO] PDC_SERVER[1]: Server flushed 1024.0 / 6144.0 MB to storage
[INFO] PDC_SERVER[1]: Flushed 2 regions to storage, took 1.1986s
[INFO] PDC_SERVER[0]: Server flushed 1024.0 / 6144.0 MB to storage
[INFO] PDC_SERVER[0]: Flushed 2 regions to storage, took 1.1691s
[INFO] PDC_SERVER[0]: Running write storage strategy STORE_REGION_BY_REGION_SINGLE_FILE
[INFO] PDC_SERVER[1]: Server flushed 1024.0 / 5120.0 MB to storage
[INFO] PDC_SERVER[1]: Flushed 2 regions to storage, took 1.1887s
[INFO] PDC_SERVER[0]: Server flushed 1024.0 / 5120.0 MB to storage
[INFO] PDC_SERVER[0]: Flushed 2 regions to storage, took 1.1858s
[INFO] PDC_SERVER[0]: Running write storage strategy STORE_REGION_BY_REGION_SINGLE_FILE
[INFO] PDC_SERVER[1]: Server flushed 1024.0 / 4096.0 MB to storage
[INFO] PDC_SERVER[1]: Flushed 2 regions to storage, took 1.1889s
[INFO] PDC_SERVER[0]: Server flushed 1024.0 / 4096.0 MB to storage
[INFO] PDC_SERVER[0]: Flushed 2 regions to storage, took 1.1823s
[INFO] PDC_SERVER[0]: Running write storage strategy STORE_REGION_BY_REGION_SINGLE_FILE
[INFO] PDC_SERVER[0]: Server flushed 1024.0 / 3072.0 MB to storage
[INFO] PDC_SERVER[0]: Flushed 2 regions to storage, took 1.1438s
[INFO] PDC_SERVER[1]: Server flushed 1024.0 / 3072.0 MB to storage
[INFO] PDC_SERVER[1]: Flushed 2 regions to storage, took 1.1703s
[INFO] PDC_SERVER[0]: Running write storage strategy STORE_REGION_BY_REGION_SINGLE_FILE
[INFO] PDC_SERVER[0]: Server flushed 1024.0 / 2048.0 MB to storage
[INFO] PDC_SERVER[0]: Flushed 2 regions to storage, took 1.1755s
[INFO] PDC_SERVER[1]: Server flushed 1024.0 / 2048.0 MB to storage
[INFO] PDC_SERVER[1]: Flushed 2 regions to storage, took 1.1862s
[INFO] PDC_SERVER[0]: Running write storage strategy STORE_REGION_BY_REGION_SINGLE_FILE
[INFO] PDC_SERVER[1]: Server flushed 1024.0 / 1024.0 MB to storage
[INFO] PDC_SERVER[1]: Flushed 2 regions to storage, took 1.1439s
[INFO] PDC_SERVER[0]: Server flushed 1024.0 / 1024.0 MB to storage
[INFO] PDC_SERVER[0]: Flushed 2 regions to storage, took 1.1764s
[INFO] PDC_CLIENT[1]: [IDIOMS_Index_Dump_1] Timer to dump index = 7.0000 microseconds
[INFO] PDC_SERVER[0]: Checkpoint file [./pdc_tmp//0/metadata_checkpoint.0]
[INFO] PDC_SERVER[0]: Checkpointed          8 objects, with          0 regions 
[INFO] PDC_CLIENT[0]: Writing DART info to file_name: ./pdc_tmp//dart_info.bin
[INFO] PDC_CLIENT[0]: [IDIOMS_Index_Dump_0] Timer to dump index = 860.0000 microseconds
